

Processing Rails::InfoController#properties (for 127.0.0.1 at 2013-01-16 17:16:24) [GET]
  [4;36;1mSCHEMA (235.3ms)[0m   [0;1mSHOW TABLES [0m
  [4;35;1mSCHEMA (2.4ms)[0m   [0mSHOW TABLES [0m
Completed in 412ms (View: 37, DB: 238) | 200 OK [http://0.0.0.0/rails/info/properties]


Processing AuthenticationController#index (for 127.0.0.1 at 2013-01-16 17:21:21) [GET]
Rendering authentication/index
Completed in 44ms (View: 43, DB: 0) | 200 OK [http://0.0.0.0/]


Processing AuthenticationController#index (for 127.0.0.1 at 2013-01-16 17:21:23) [GET]
Rendering authentication/index
Completed in 2ms (View: 1, DB: 0) | 200 OK [http://0.0.0.0/]


Processing AuthenticationController#index (for 127.0.0.1 at 2013-01-16 17:25:30) [GET]
Rendering /authentication/index.html
Completed in 3ms (View: 1, DB: 0) | 200 OK [http://0.0.0.0/]


Processing AuthenticationController#index (for 127.0.0.1 at 2013-01-16 17:25:32) [GET]
Rendering /authentication/index.html
Completed in 3ms (View: 1, DB: 0) | 200 OK [http://0.0.0.0/]


Processing AuthenticationController#index (for 127.0.0.1 at 2013-01-16 17:25:35) [GET]
Rendering /authentication/index.html
Completed in 3ms (View: 1, DB: 0) | 200 OK [http://0.0.0.0/]


Processing AuthenticationController#index (for 127.0.0.1 at 2013-01-16 17:26:22) [GET]

ActionView::MissingTemplate (Missing template authentication/index.erb in view path app/views):
  

Rendering rescues/layout (internal_server_error)


Processing AuthenticationController#index (for 127.0.0.1 at 2013-01-16 17:26:52) [GET]
Rendering authentication/index
Completed in 10ms (View: 9, DB: 0) | 200 OK [http://0.0.0.0/]


Processing ApplicationController#index (for 127.0.0.1 at 2013-01-16 17:26:52) [GET]

ActionController::RoutingError (No route matches "/css/style.css" with {:method=>:get}):
  

Rendering rescues/layout (not_found)


Processing AuthenticationController#index (for 127.0.0.1 at 2013-01-16 17:27:47) [GET]
Rendering authentication/index
Completed in 3ms (View: 1, DB: 0) | 200 OK [http://0.0.0.0/]


Processing ApplicationController#index (for 127.0.0.1 at 2013-01-16 17:27:47) [GET]

ActionController::RoutingError (No route matches "/css/style.css" with {:method=>:get}):
  

Rendering rescues/layout (not_found)


Processing AuthenticationController#index (for 127.0.0.1 at 2013-01-16 17:27:48) [GET]
Rendering authentication/index
Completed in 2ms (View: 1, DB: 0) | 200 OK [http://0.0.0.0/]


Processing ApplicationController#index (for 127.0.0.1 at 2013-01-16 17:27:48) [GET]

ActionController::RoutingError (No route matches "/css/style.css" with {:method=>:get}):
  

Rendering rescues/layout (not_found)


Processing AuthenticationController#index (for 127.0.0.1 at 2013-01-16 17:30:07) [GET]
Rendering authentication/index
Completed in 2ms (View: 1, DB: 0) | 200 OK [http://0.0.0.0/]


Processing ApplicationController#index (for 127.0.0.1 at 2013-01-16 17:30:07) [GET]

ActionController::RoutingError (No route matches "/css/style.css" with {:method=>:get}):
  

Rendering rescues/layout (not_found)


Processing AuthenticationController#index (for 127.0.0.1 at 2013-01-16 17:30:08) [GET]
Rendering authentication/index
Completed in 2ms (View: 1, DB: 0) | 200 OK [http://0.0.0.0/]


Processing ApplicationController#index (for 127.0.0.1 at 2013-01-16 17:30:08) [GET]

ActionController::RoutingError (No route matches "/css/style.css" with {:method=>:get}):
  

Rendering rescues/layout (not_found)


Processing AuthenticationController#index (for 127.0.0.1 at 2013-01-16 17:36:33) [GET]
Rendering authentication/index
Completed in 12ms (View: 10, DB: 0) | 200 OK [http://0.0.0.0/]


Processing AuthenticationController#index (for 127.0.0.1 at 2013-01-16 17:36:40) [GET]
Rendering authentication/index
Completed in 3ms (View: 1, DB: 0) | 200 OK [http://0.0.0.0/]


Processing AuthenticationController#index (for 127.0.0.1 at 2013-01-16 17:37:58) [GET]
Rendering authentication/index
Completed in 8ms (View: 7, DB: 0) | 200 OK [http://0.0.0.0/]


Processing AuthenticationController#index (for 127.0.0.1 at 2013-01-16 17:38:05) [GET]
Rendering authentication/index
Completed in 2ms (View: 1, DB: 0) | 200 OK [http://0.0.0.0/]


Processing AuthenticationController#index (for 127.0.0.1 at 2013-01-16 17:41:07) [GET]
Rendering authentication/index
Completed in 9ms (View: 7, DB: 0) | 200 OK [http://0.0.0.0/]


Processing AuthenticationController#index (for 127.0.0.1 at 2013-01-16 17:48:05) [GET]
Rendering authentication/index
Completed in 8ms (View: 7, DB: 0) | 200 OK [http://0.0.0.0/]


Processing AuthenticationController#index (for 127.0.0.1 at 2013-01-16 17:48:07) [GET]
Rendering authentication/index
Completed in 2ms (View: 1, DB: 0) | 200 OK [http://0.0.0.0/]


Processing AuthenticationController#index (for 127.0.0.1 at 2013-01-16 17:49:01) [GET]
Rendering authentication/index
Completed in 9ms (View: 7, DB: 0) | 200 OK [http://0.0.0.0/]


Processing AuthenticationController#index (for 127.0.0.1 at 2013-01-16 17:50:49) [GET]
Rendering authentication/index
Completed in 10ms (View: 9, DB: 0) | 200 OK [http://0.0.0.0/]


Processing AuthenticationController#index (for 127.0.0.1 at 2013-01-16 17:50:55) [GET]
Rendering authentication/index
Completed in 8ms (View: 6, DB: 0) | 200 OK [http://0.0.0.0/]


Processing AuthenticationController#index (for 127.0.0.1 at 2013-01-16 17:52:36) [GET]
Rendering authentication/index
Completed in 9ms (View: 7, DB: 0) | 200 OK [http://0.0.0.0/]


Processing AuthenticationController#index (for 127.0.0.1 at 2013-01-16 17:52:38) [GET]
Rendering authentication/index
Completed in 3ms (View: 1, DB: 0) | 200 OK [http://0.0.0.0/]


Processing AuthenticationController#index (for 127.0.0.1 at 2013-01-16 17:53:20) [GET]
Rendering authentication/index
Completed in 9ms (View: 7, DB: 0) | 200 OK [http://0.0.0.0/]


Processing AuthenticationController#index (for 127.0.0.1 at 2013-01-16 17:53:21) [GET]
Rendering authentication/index
Completed in 2ms (View: 1, DB: 0) | 200 OK [http://0.0.0.0/]


Processing AuthenticationController#index (for 127.0.0.1 at 2013-01-16 17:54:00) [GET]
Rendering authentication/index
Completed in 8ms (View: 7, DB: 0) | 200 OK [http://0.0.0.0/]


Processing AuthenticationController#index (for 127.0.0.1 at 2013-01-16 17:54:30) [GET]
Rendering authentication/index
Completed in 9ms (View: 7, DB: 0) | 200 OK [http://0.0.0.0/]


Processing AuthenticationController#index (for 127.0.0.1 at 2013-01-16 17:54:32) [GET]
Rendering authentication/index
Completed in 2ms (View: 1, DB: 0) | 200 OK [http://0.0.0.0/]


Processing AuthenticationController#index (for 127.0.0.1 at 2013-01-16 17:55:04) [GET]
Rendering authentication/index
Completed in 8ms (View: 7, DB: 0) | 200 OK [http://0.0.0.0/]


Processing AuthenticationController#index (for 127.0.0.1 at 2013-01-16 17:55:38) [GET]
Rendering authentication/index
Completed in 10ms (View: 8, DB: 0) | 200 OK [http://0.0.0.0/]


Processing AuthenticationController#index (for 127.0.0.1 at 2013-01-16 17:56:31) [GET]
Rendering authentication/index
Completed in 9ms (View: 7, DB: 0) | 200 OK [http://0.0.0.0/]


Processing AuthenticationController#index (for 127.0.0.1 at 2013-01-16 17:57:06) [GET]
Rendering authentication/index
Completed in 9ms (View: 7, DB: 0) | 200 OK [http://0.0.0.0/]


Processing AuthenticationController#index (for 127.0.0.1 at 2013-01-16 20:35:39) [GET]
Rendering authentication/index
Completed in 330ms (View: 328, DB: 0) | 200 OK [http://0.0.0.0/]


Processing AuthenticationController#index (for 127.0.0.1 at 2013-01-16 20:35:54) [GET]
Rendering authentication/index
Completed in 6ms (View: 1, DB: 0) | 200 OK [http://0.0.0.0/]


Processing ApplicationController#index (for 127.0.0.1 at 2013-01-16 20:36:52) [GET]
  Parameters: {"field"=>"died_total", "quarter"=>"Q3 2012"}

ActionController::RoutingError (No route matches "/cohort_tool/list_patients_details" with {:method=>:get}):
  

Rendering rescues/layout (not_found)


Processing ApplicationController#index (for 127.0.0.1 at 2013-01-16 20:37:01) [GET]

ActionController::RoutingError (No route matches "/about.html" with {:method=>:get}):
  

Rendering rescues/layout (not_found)


Processing AuthenticationController#index (for 127.0.0.1 at 2013-01-16 21:00:06) [GET]
Rendering authentication/index
Completed in 10ms (View: 9, DB: 0) | 200 OK [http://0.0.0.0/]


Processing AuthenticationController#index (for 127.0.0.1 at 2013-01-16 21:12:51) [GET]
Rendering authentication/index
Completed in 9ms (View: 7, DB: 0) | 200 OK [http://0.0.0.0/]


Processing ApplicationController#index (for 127.0.0.1 at 2013-01-16 21:12:54) [GET]

ActionController::RoutingError (No route matches "/about.html" with {:method=>:get}):
  

Rendering rescues/layout (not_found)


Processing AuthenticationController#index (for 127.0.0.1 at 2013-01-16 21:14:07) [GET]
Rendering authentication/index
Completed in 8ms (View: 6, DB: 0) | 200 OK [http://0.0.0.0/]


Processing AuthenticationController#index (for 127.0.0.1 at 2013-01-16 21:14:08) [GET]
Rendering authentication/index
Completed in 2ms (View: 1, DB: 0) | 200 OK [http://0.0.0.0/]


Processing ApplicationController#index (for 127.0.0.1 at 2013-01-16 21:14:11) [GET]

ActionController::RoutingError (No route matches "/authenticate/about.html" with {:method=>:get}):
  

Rendering rescues/layout (not_found)


Processing AuthenticationController#index (for 127.0.0.1 at 2013-01-16 21:16:14) [GET]
Rendering authentication/index
Completed in 8ms (View: 7, DB: 0) | 200 OK [http://0.0.0.0/]


Processing ApplicationController#index (for 127.0.0.1 at 2013-01-16 21:16:17) [GET]

ActionController::RoutingError (No route matches "/authentication/about.html" with {:method=>:get}):
  

Rendering rescues/layout (not_found)


Processing AuthenticationController#index (for 127.0.0.1 at 2013-01-16 21:16:45) [GET]
Rendering authentication/index
Completed in 9ms (View: 7, DB: 0) | 200 OK [http://0.0.0.0/]


Processing AuthenticationController#index to html (for 127.0.0.1 at 2013-01-16 21:16:49) [GET]
  Parameters: {"id"=>"about"}
Rendering authentication/index
Completed in 2ms (View: 1, DB: 0) | 200 OK [http://0.0.0.0/authentication/index/about.html]


Processing ApplicationController#index (for 127.0.0.1 at 2013-01-16 21:16:49) [GET]

ActionController::RoutingError (No route matches "/authentication/index/images/logo.png" with {:method=>:get}):
  

Rendering rescues/layout (not_found)


Processing ApplicationController#index (for 127.0.0.1 at 2013-01-16 21:16:49) [GET]

ActionController::RoutingError (No route matches "/authentication/index/images/earth.jpg" with {:method=>:get}):
  

Rendering rescues/layout (not_found)


Processing ApplicationController#index (for 127.0.0.1 at 2013-01-16 21:16:49) [GET]

ActionController::RoutingError (No route matches "/authentication/index/images/spacecraft-small.jpg" with {:method=>:get}):
  

Rendering rescues/layout (not_found)


Processing ApplicationController#index (for 127.0.0.1 at 2013-01-16 21:16:49) [GET]

ActionController::RoutingError (No route matches "/authentication/index/images/space-shuttle.jpg" with {:method=>:get}):
  

Rendering rescues/layout (not_found)


Processing ApplicationController#index (for 127.0.0.1 at 2013-01-16 21:16:49) [GET]

ActionController::RoutingError (No route matches "/authentication/index/images/astronaut.jpg" with {:method=>:get}):
  

Rendering rescues/layout (not_found)


Processing ApplicationController#index (for 127.0.0.1 at 2013-01-16 21:17:00) [GET]

ActionController::RoutingError (No route matches "/authentication/index.html" with {:method=>:get}):
  

Rendering rescues/layout (not_found)


Processing AuthenticationController#index to html (for 127.0.0.1 at 2013-01-16 21:18:14) [GET]
  Parameters: {"id"=>"about"}
Rendering authentication/index
Completed in 12ms (View: 10, DB: 0) | 200 OK [http://0.0.0.0/authentication/index/about.html]


Processing ApplicationController#index (for 127.0.0.1 at 2013-01-16 21:18:14) [GET]

ActionController::RoutingError (No route matches "/authentication/index/images/logo.png" with {:method=>:get}):
  

Rendering rescues/layout (not_found)


Processing ApplicationController#index (for 127.0.0.1 at 2013-01-16 21:18:14) [GET]

ActionController::RoutingError (No route matches "/authentication/index/images/astronaut.jpg" with {:method=>:get}):
  

Rendering rescues/layout (not_found)


Processing ApplicationController#index (for 127.0.0.1 at 2013-01-16 21:18:14) [GET]

ActionController::RoutingError (No route matches "/authentication/index/images/spacecraft-small.jpg" with {:method=>:get}):
  

Rendering rescues/layout (not_found)


Processing ApplicationController#index (for 127.0.0.1 at 2013-01-16 21:18:14) [GET]

ActionController::RoutingError (No route matches "/authentication/index/images/earth.jpg" with {:method=>:get}):
  

Rendering rescues/layout (not_found)


Processing ApplicationController#index (for 127.0.0.1 at 2013-01-16 21:18:14) [GET]

ActionController::RoutingError (No route matches "/authentication/index/images/space-shuttle.jpg" with {:method=>:get}):
  

Rendering rescues/layout (not_found)


Processing AuthenticationController#index to html (for 127.0.0.1 at 2013-01-16 21:18:20) [GET]
  Parameters: {"id"=>"index"}
Rendering authentication/index
Completed in 11ms (View: 10, DB: 0) | 200 OK [http://0.0.0.0/authentication/index/index.html]


Processing ApplicationController#index (for 127.0.0.1 at 2013-01-16 21:18:20) [GET]


Processing ApplicationController#index (for 127.0.0.1 at 2013-01-16 21:18:20) [GET]

ActionController::RoutingError (No route matches "/authentication/index/images/space-shuttle.jpg" with {:method=>:get}):
  


ActionController::RoutingError (No route matches "/authentication/index/images/astronaut.jpg" with {:method=>:get}):
  

Rendering rescues/layout (not_found)
Rendering rescues/layout (not_found)


Processing ApplicationController#index (for 127.0.0.1 at 2013-01-16 21:18:20) [GET]

ActionController::RoutingError (No route matches "/authentication/index/images/logo.png" with {:method=>:get}):
  

Rendering rescues/layout (not_found)


Processing ApplicationController#index (for 127.0.0.1 at 2013-01-16 21:18:20) [GET]

ActionController::RoutingError (No route matches "/authentication/index/images/spacecraft-small.jpg" with {:method=>:get}):
  

Rendering rescues/layout (not_found)


Processing ApplicationController#index (for 127.0.0.1 at 2013-01-16 21:18:20) [GET]

ActionController::RoutingError (No route matches "/authentication/index/images/earth.jpg" with {:method=>:get}):
  

Rendering rescues/layout (not_found)


Processing AuthenticationController#index to html (for 127.0.0.1 at 2013-01-16 21:18:29) [GET]
  Parameters: {"id"=>"about"}
Rendering authentication/index
Completed in 13ms (View: 12, DB: 0) | 200 OK [http://0.0.0.0/authentication/index/about.html]


Processing ApplicationController#index (for 127.0.0.1 at 2013-01-16 21:18:29) [GET]


Processing ApplicationController#index (for 127.0.0.1 at 2013-01-16 21:18:29) [GET]


Processing ApplicationController#index (for 127.0.0.1 at 2013-01-16 21:18:29) [GET]

ActionController::RoutingError (No route matches "/authentication/index/images/space-shuttle.jpg" with {:method=>:get}):
  


ActionController::RoutingError (No route matches "/authentication/index/images/spacecraft-small.jpg" with {:method=>:get}):
  

Rendering rescues/layout (not_found)
Rendering rescues/layout (not_found)


Processing ApplicationController#index (for 127.0.0.1 at 2013-01-16 21:18:29) [GET]

ActionController::RoutingError (No route matches "/authentication/index/images/logo.png" with {:method=>:get}):
  

Rendering rescues/layout (not_found)


Processing ApplicationController#index (for 127.0.0.1 at 2013-01-16 21:18:29) [GET]

ActionController::RoutingError (No route matches "/authentication/index/images/astronaut.jpg" with {:method=>:get}):
  

Rendering rescues/layout (not_found)

ActionController::RoutingError (No route matches "/authentication/index/images/earth.jpg" with {:method=>:get}):
  

Rendering rescues/layout (not_found)


Processing AuthenticationController#index to html (for 127.0.0.1 at 2013-01-16 21:18:32) [GET]
  Parameters: {"id"=>"blog"}
Rendering authentication/index
Completed in 11ms (View: 10, DB: 0) | 200 OK [http://0.0.0.0/authentication/index/blog.html]


Processing ApplicationController#index (for 127.0.0.1 at 2013-01-16 21:18:32) [GET]


Processing ApplicationController#index (for 127.0.0.1 at 2013-01-16 21:18:32) [GET]


Processing ApplicationController#index (for 127.0.0.1 at 2013-01-16 21:18:32) [GET]


Processing ApplicationController#index (for 127.0.0.1 at 2013-01-16 21:18:32) [GET]

ActionController::RoutingError (No route matches "/authentication/index/images/earth.jpg" with {:method=>:get}):
  

Rendering rescues/layout (not_found)


Processing ApplicationController#index (for 127.0.0.1 at 2013-01-16 21:18:32) [GET]

ActionController::RoutingError (No route matches "/authentication/index/images/logo.png" with {:method=>:get}):
  


ActionController::RoutingError (No route matches "/authentication/index/images/space-shuttle.jpg" with {:method=>:get}):
  


ActionController::RoutingError (No route matches "/authentication/index/images/astronaut.jpg" with {:method=>:get}):
  

Rendering rescues/layout (not_found)
Rendering rescues/layout (not_found)

ActionController::RoutingError (No route matches "/authentication/index/images/spacecraft-small.jpg" with {:method=>:get}):
  

Rendering rescues/layout (not_found)
Rendering rescues/layout (not_found)


Processing AuthenticationController#index to html (for 127.0.0.1 at 2013-01-16 21:18:38) [GET]
  Parameters: {"id"=>"gallery"}
Rendering authentication/index
Completed in 8ms (View: 7, DB: 0) | 200 OK [http://0.0.0.0/authentication/index/gallery.html]


Processing ApplicationController#index (for 127.0.0.1 at 2013-01-16 21:18:38) [GET]

ActionController::RoutingError (No route matches "/authentication/index/images/logo.png" with {:method=>:get}):
  

Rendering rescues/layout (not_found)


Processing ApplicationController#index (for 127.0.0.1 at 2013-01-16 21:18:38) [GET]

ActionController::RoutingError (No route matches "/authentication/index/images/astronaut.jpg" with {:method=>:get}):
  

Rendering rescues/layout (not_found)


Processing ApplicationController#index (for 127.0.0.1 at 2013-01-16 21:18:38) [GET]


Processing ApplicationController#index (for 127.0.0.1 at 2013-01-16 21:18:38) [GET]

ActionController::RoutingError (No route matches "/authentication/index/images/spacecraft-small.jpg" with {:method=>:get}):
  

Rendering rescues/layout (not_found)

ActionController::RoutingError (No route matches "/authentication/index/images/earth.jpg" with {:method=>:get}):
  



Processing ApplicationController#index (for 127.0.0.1 at 2013-01-16 21:18:38) [GET]
Rendering rescues/layout (not_found)

ActionController::RoutingError (No route matches "/authentication/index/images/space-shuttle.jpg" with {:method=>:get}):
  

Rendering rescues/layout (not_found)


Processing AuthenticationController#index to html (for 127.0.0.1 at 2013-01-16 21:18:40) [GET]
  Parameters: {"id"=>"contact"}
Rendering authentication/index
Completed in 2ms (View: 1, DB: 0) | 200 OK [http://0.0.0.0/authentication/index/contact.html]


Processing ApplicationController#index (for 127.0.0.1 at 2013-01-16 21:18:41) [GET]


Processing ApplicationController#index (for 127.0.0.1 at 2013-01-16 21:18:41) [GET]


Processing ApplicationController#index (for 127.0.0.1 at 2013-01-16 21:18:41) [GET]


Processing ApplicationController#index (for 127.0.0.1 at 2013-01-16 21:18:41) [GET]

ActionController::RoutingError (No route matches "/authentication/index/images/spacecraft-small.jpg" with {:method=>:get}):
  


ActionController::RoutingError (No route matches "/authentication/index/images/space-shuttle.jpg" with {:method=>:get}):
  

Rendering rescues/layout (not_found)
Rendering rescues/layout (not_found)

ActionController::RoutingError (No route matches "/authentication/index/images/astronaut.jpg" with {:method=>:get}):
  

Rendering rescues/layout (not_found)


Processing ApplicationController#index (for 127.0.0.1 at 2013-01-16 21:18:41) [GET]

ActionController::RoutingError (No route matches "/authentication/index/images/logo.png" with {:method=>:get}):
  

Rendering rescues/layout (not_found)

ActionController::RoutingError (No route matches "/authentication/index/images/earth.jpg" with {:method=>:get}):
  

Rendering rescues/layout (not_found)


Processing AuthenticationController#index to html (for 127.0.0.1 at 2013-01-16 21:18:44) [GET]
  Parameters: {"id"=>"index"}
Rendering authentication/index
Completed in 4ms (View: 1, DB: 0) | 200 OK [http://0.0.0.0/authentication/index/index.html]


Processing ApplicationController#index (for 127.0.0.1 at 2013-01-16 21:18:44) [GET]

ActionController::RoutingError (No route matches "/authentication/index/images/astronaut.jpg" with {:method=>:get}):
  

Rendering rescues/layout (not_found)


Processing ApplicationController#index (for 127.0.0.1 at 2013-01-16 21:18:44) [GET]


Processing ApplicationController#index (for 127.0.0.1 at 2013-01-16 21:18:44) [GET]


Processing ApplicationController#index (for 127.0.0.1 at 2013-01-16 21:18:44) [GET]

ActionController::RoutingError (No route matches "/authentication/index/images/earth.jpg" with {:method=>:get}):
  



Processing ApplicationController#index (for 127.0.0.1 at 2013-01-16 21:18:44) [GET]

ActionController::RoutingError (No route matches "/authentication/index/images/logo.png" with {:method=>:get}):
  

Rendering rescues/layout (not_found)
Rendering rescues/layout (not_found)

ActionController::RoutingError (No route matches "/authentication/index/images/space-shuttle.jpg" with {:method=>:get}):
  

Rendering rescues/layout (not_found)

ActionController::RoutingError (No route matches "/authentication/index/images/spacecraft-small.jpg" with {:method=>:get}):
  

Rendering rescues/layout (not_found)


Processing AuthenticationController#index to html (for 127.0.0.1 at 2013-01-16 21:18:45) [GET]
  Parameters: {"id"=>"index"}
Rendering authentication/index
Completed in 2ms (View: 1, DB: 0) | 200 OK [http://0.0.0.0/authentication/index/index.html]


Processing ApplicationController#index (for 127.0.0.1 at 2013-01-16 21:18:45) [GET]


Processing ApplicationController#index (for 127.0.0.1 at 2013-01-16 21:18:45) [GET]

ActionController::RoutingError (No route matches "/authentication/index/images/astronaut.jpg" with {:method=>:get}):
  



Processing ApplicationController#index (for 127.0.0.1 at 2013-01-16 21:18:45) [GET]

ActionController::RoutingError (No route matches "/authentication/index/images/logo.png" with {:method=>:get}):
  

Rendering rescues/layout (not_found)

ActionController::RoutingError (No route matches "/authentication/index/images/earth.jpg" with {:method=>:get}):
  

Rendering rescues/layout (not_found)


Processing ApplicationController#index (for 127.0.0.1 at 2013-01-16 21:18:45) [GET]
Rendering rescues/layout (not_found)


Processing ApplicationController#index (for 127.0.0.1 at 2013-01-16 21:18:45) [GET]

ActionController::RoutingError (No route matches "/authentication/index/images/space-shuttle.jpg" with {:method=>:get}):
  

Rendering rescues/layout (not_found)

ActionController::RoutingError (No route matches "/authentication/index/images/spacecraft-small.jpg" with {:method=>:get}):
  

Rendering rescues/layout (not_found)


Processing AuthenticationController#index to html (for 127.0.0.1 at 2013-01-16 21:18:50) [GET]
  Parameters: {"id"=>"index"}
Rendering authentication/index
Completed in 2ms (View: 1, DB: 0) | 200 OK [http://0.0.0.0/authentication/index/index.html]


Processing ApplicationController#index (for 127.0.0.1 at 2013-01-16 21:18:50) [GET]


Processing ApplicationController#index (for 127.0.0.1 at 2013-01-16 21:18:50) [GET]

ActionController::RoutingError (No route matches "/authentication/index/images/astronaut.jpg" with {:method=>:get}):
  

Rendering rescues/layout (not_found)


Processing ApplicationController#index (for 127.0.0.1 at 2013-01-16 21:18:50) [GET]


Processing ApplicationController#index (for 127.0.0.1 at 2013-01-16 21:18:50) [GET]

ActionController::RoutingError (No route matches "/authentication/index/images/earth.jpg" with {:method=>:get}):
  

Rendering rescues/layout (not_found)

ActionController::RoutingError (No route matches "/authentication/index/images/logo.png" with {:method=>:get}):
  


ActionController::RoutingError (No route matches "/authentication/index/images/spacecraft-small.jpg" with {:method=>:get}):
  

Rendering rescues/layout (not_found)
Rendering rescues/layout (not_found)


Processing ApplicationController#index (for 127.0.0.1 at 2013-01-16 21:18:50) [GET]

ActionController::RoutingError (No route matches "/authentication/index/images/space-shuttle.jpg" with {:method=>:get}):
  

Rendering rescues/layout (not_found)


Processing AuthenticationController#index (for 127.0.0.1 at 2013-01-16 21:18:57) [GET]
Rendering authentication/index
Completed in 2ms (View: 1, DB: 0) | 200 OK [http://0.0.0.0/]


Processing AuthenticationController#index to html (for 127.0.0.1 at 2013-01-16 21:19:52) [GET]
  Parameters: {"id"=>"about"}
Rendering authentication/index
Completed in 2ms (View: 1, DB: 0) | 200 OK [http://0.0.0.0/authentication/index/about.html]


Processing ApplicationController#index (for 127.0.0.1 at 2013-01-16 21:19:52) [GET]

ActionController::RoutingError (No route matches "/authentication/index/images/astronaut.jpg" with {:method=>:get}):
  

Rendering rescues/layout (not_found)


Processing ApplicationController#index (for 127.0.0.1 at 2013-01-16 21:19:52) [GET]


Processing ApplicationController#index (for 127.0.0.1 at 2013-01-16 21:19:52) [GET]

ActionController::RoutingError (No route matches "/authentication/index/images/logo.png" with {:method=>:get}):
  

Rendering rescues/layout (not_found)


Processing ApplicationController#index (for 127.0.0.1 at 2013-01-16 21:19:52) [GET]


Processing ApplicationController#index (for 127.0.0.1 at 2013-01-16 21:19:52) [GET]

ActionController::RoutingError (No route matches "/authentication/index/images/earth.jpg" with {:method=>:get}):
  


ActionController::RoutingError (No route matches "/authentication/index/images/spacecraft-small.jpg" with {:method=>:get}):
  

Rendering rescues/layout (not_found)
Rendering rescues/layout (not_found)

ActionController::RoutingError (No route matches "/authentication/index/images/space-shuttle.jpg" with {:method=>:get}):
  

Rendering rescues/layout (not_found)


Processing AuthenticationController#index to html (for 127.0.0.1 at 2013-01-16 21:19:55) [GET]
  Parameters: {"id"=>"blog"}
Rendering authentication/index
Completed in 3ms (View: 1, DB: 0) | 200 OK [http://0.0.0.0/authentication/index/blog.html]


Processing ApplicationController#index (for 127.0.0.1 at 2013-01-16 21:19:55) [GET]


Processing ApplicationController#index (for 127.0.0.1 at 2013-01-16 21:19:55) [GET]


Processing ApplicationController#index (for 127.0.0.1 at 2013-01-16 21:19:55) [GET]


Processing ApplicationController#index (for 127.0.0.1 at 2013-01-16 21:19:55) [GET]

ActionController::RoutingError (No route matches "/authentication/index/images/space-shuttle.jpg" with {:method=>:get}):
  

Rendering rescues/layout (not_found)

ActionController::RoutingError (No route matches "/authentication/index/images/earth.jpg" with {:method=>:get}):
  


ActionController::RoutingError (No route matches "/authentication/index/images/astronaut.jpg" with {:method=>:get}):
  

Rendering rescues/layout (not_found)
Rendering rescues/layout (not_found)

ActionController::RoutingError (No route matches "/authentication/index/images/logo.png" with {:method=>:get}):
  

Rendering rescues/layout (not_found)


Processing ApplicationController#index (for 127.0.0.1 at 2013-01-16 21:19:55) [GET]

ActionController::RoutingError (No route matches "/authentication/index/images/spacecraft-small.jpg" with {:method=>:get}):
  

Rendering rescues/layout (not_found)


Processing AuthenticationController#index to html (for 127.0.0.1 at 2013-01-16 21:20:02) [GET]
  Parameters: {"id"=>"gallery"}
Rendering authentication/index
Completed in 4ms (View: 2, DB: 0) | 200 OK [http://0.0.0.0/authentication/index/gallery.html]


Processing ApplicationController#index (for 127.0.0.1 at 2013-01-16 21:20:02) [GET]

ActionController::RoutingError (No route matches "/authentication/index/images/logo.png" with {:method=>:get}):
  



Processing ApplicationController#index (for 127.0.0.1 at 2013-01-16 21:20:02) [GET]

ActionController::RoutingError (No route matches "/authentication/index/images/astronaut.jpg" with {:method=>:get}):
  

Rendering rescues/layout (not_found)


Processing ApplicationController#index (for 127.0.0.1 at 2013-01-16 21:20:02) [GET]
Rendering rescues/layout (not_found)


Processing ApplicationController#index (for 127.0.0.1 at 2013-01-16 21:20:02) [GET]

ActionController::RoutingError (No route matches "/authentication/index/images/spacecraft-small.jpg" with {:method=>:get}):
  


ActionController::RoutingError (No route matches "/authentication/index/images/space-shuttle.jpg" with {:method=>:get}):
  

Rendering rescues/layout (not_found)
Rendering rescues/layout (not_found)


Processing ApplicationController#index (for 127.0.0.1 at 2013-01-16 21:20:02) [GET]

ActionController::RoutingError (No route matches "/authentication/index/images/earth.jpg" with {:method=>:get}):
  

Rendering rescues/layout (not_found)


Processing AuthenticationController#index to html (for 127.0.0.1 at 2013-01-16 21:20:05) [GET]
  Parameters: {"id"=>"contact"}
Rendering authentication/index
Completed in 4ms (View: 1, DB: 0) | 200 OK [http://0.0.0.0/authentication/index/contact.html]


Processing ApplicationController#index (for 127.0.0.1 at 2013-01-16 21:20:05) [GET]


Processing ApplicationController#index (for 127.0.0.1 at 2013-01-16 21:20:05) [GET]

ActionController::RoutingError (No route matches "/authentication/index/images/space-shuttle.jpg" with {:method=>:get}):
  

Rendering rescues/layout (not_found)

ActionController::RoutingError (No route matches "/authentication/index/images/logo.png" with {:method=>:get}):
  



Processing ApplicationController#index (for 127.0.0.1 at 2013-01-16 21:20:05) [GET]


Processing ApplicationController#index (for 127.0.0.1 at 2013-01-16 21:20:05) [GET]
Rendering rescues/layout (not_found)


Processing ApplicationController#index (for 127.0.0.1 at 2013-01-16 21:20:05) [GET]

ActionController::RoutingError (No route matches "/authentication/index/images/astronaut.jpg" with {:method=>:get}):
  


ActionController::RoutingError (No route matches "/authentication/index/images/earth.jpg" with {:method=>:get}):
  

Rendering rescues/layout (not_found)
Rendering rescues/layout (not_found)

ActionController::RoutingError (No route matches "/authentication/index/images/spacecraft-small.jpg" with {:method=>:get}):
  

Rendering rescues/layout (not_found)


Processing AuthenticationController#index to html (for 127.0.0.1 at 2013-01-16 21:20:12) [GET]
  Parameters: {"id"=>"index"}
Rendering authentication/index
Completed in 4ms (View: 2, DB: 0) | 200 OK [http://0.0.0.0/authentication/index/index.html]


Processing ApplicationController#index (for 127.0.0.1 at 2013-01-16 21:20:12) [GET]


Processing ApplicationController#index (for 127.0.0.1 at 2013-01-16 21:20:12) [GET]


Processing ApplicationController#index (for 127.0.0.1 at 2013-01-16 21:20:12) [GET]


Processing ApplicationController#index (for 127.0.0.1 at 2013-01-16 21:20:12) [GET]

ActionController::RoutingError (No route matches "/authentication/index/images/spacecraft-small.jpg" with {:method=>:get}):
  

Rendering rescues/layout (not_found)

ActionController::RoutingError (No route matches "/authentication/index/images/earth.jpg" with {:method=>:get}):
  


ActionController::RoutingError (No route matches "/authentication/index/images/astronaut.jpg" with {:method=>:get}):
  

Rendering rescues/layout (not_found)
Rendering rescues/layout (not_found)


Processing ApplicationController#index (for 127.0.0.1 at 2013-01-16 21:20:12) [GET]

ActionController::RoutingError (No route matches "/authentication/index/images/space-shuttle.jpg" with {:method=>:get}):
  

Rendering rescues/layout (not_found)

ActionController::RoutingError (No route matches "/authentication/index/images/logo.png" with {:method=>:get}):
  

Rendering rescues/layout (not_found)


Processing AuthenticationController#index (for 127.0.0.1 at 2013-01-16 21:20:35) [GET]
Rendering authentication/index
Completed in 2ms (View: 1, DB: 0) | 200 OK [http://0.0.0.0/]


Processing AuthenticationController#index (for 127.0.0.1 at 2013-01-16 21:23:47) [GET]
Rendering authentication/index
Completed in 11ms (View: 8, DB: 0) | 200 OK [http://0.0.0.0/]


Processing AuthenticationController#index (for 127.0.0.1 at 2013-01-16 21:23:48) [GET]
Rendering authentication/index
Completed in 4ms (View: 1, DB: 0) | 200 OK [http://0.0.0.0/]


Processing AuthenticationController#index to html (for 127.0.0.1 at 2013-01-16 21:23:54) [GET]
  Parameters: {"id"=>"about"}
Rendering authentication/index
Completed in 2ms (View: 1, DB: 0) | 200 OK [http://0.0.0.0/authentication/index/about.html]


Processing ApplicationController#index (for 127.0.0.1 at 2013-01-16 21:23:54) [GET]


Processing ApplicationController#index (for 127.0.0.1 at 2013-01-16 21:23:54) [GET]


Processing ApplicationController#index (for 127.0.0.1 at 2013-01-16 21:23:54) [GET]


Processing ApplicationController#index (for 127.0.0.1 at 2013-01-16 21:23:54) [GET]

ActionController::RoutingError (No route matches "/authentication/index/images/logo.png" with {:method=>:get}):
  



Processing ApplicationController#index (for 127.0.0.1 at 2013-01-16 21:23:54) [GET]
Rendering rescues/layout (not_found)

ActionController::RoutingError (No route matches "/authentication/index/images/spacecraft-small.jpg" with {:method=>:get}):
  


ActionController::RoutingError (No route matches "/authentication/index/images/space-shuttle.jpg" with {:method=>:get}):
  

Rendering rescues/layout (not_found)

ActionController::RoutingError (No route matches "/authentication/index/images/astronaut.jpg" with {:method=>:get}):
  


ActionController::RoutingError (No route matches "/authentication/index/images/earth.jpg" with {:method=>:get}):
  

Rendering rescues/layout (not_found)
Rendering rescues/layout (not_found)
Rendering rescues/layout (not_found)


Processing AuthenticationController#index to html (for 127.0.0.1 at 2013-01-16 21:23:57) [GET]
  Parameters: {"id"=>"index"}
Rendering authentication/index
Completed in 9ms (View: 7, DB: 0) | 200 OK [http://0.0.0.0/authentication/index/index.html]


Processing ApplicationController#index (for 127.0.0.1 at 2013-01-16 21:23:57) [GET]

ActionController::RoutingError (No route matches "/authentication/index/images/logo.png" with {:method=>:get}):
  

Rendering rescues/layout (not_found)


Processing ApplicationController#index (for 127.0.0.1 at 2013-01-16 21:23:57) [GET]


Processing ApplicationController#index (for 127.0.0.1 at 2013-01-16 21:23:58) [GET]

ActionController::RoutingError (No route matches "/authentication/index/images/astronaut.jpg" with {:method=>:get}):
  

Rendering rescues/layout (not_found)

ActionController::RoutingError (No route matches "/authentication/index/images/spacecraft-small.jpg" with {:method=>:get}):
  

Rendering rescues/layout (not_found)


Processing ApplicationController#index (for 127.0.0.1 at 2013-01-16 21:23:58) [GET]


Processing ApplicationController#index (for 127.0.0.1 at 2013-01-16 21:23:58) [GET]

ActionController::RoutingError (No route matches "/authentication/index/images/earth.jpg" with {:method=>:get}):
  


ActionController::RoutingError (No route matches "/authentication/index/images/space-shuttle.jpg" with {:method=>:get}):
  

Rendering rescues/layout (not_found)
Rendering rescues/layout (not_found)


Processing AuthenticationController#index to html (for 127.0.0.1 at 2013-01-16 21:25:17) [GET]
  Parameters: {"id"=>"index"}
Rendering authentication/index
Completed in 9ms (View: 7, DB: 0) | 200 OK [http://0.0.0.0/authentication/index/index.html]


Processing ApplicationController#index (for 127.0.0.1 at 2013-01-16 21:25:17) [GET]


Processing ApplicationController#index (for 127.0.0.1 at 2013-01-16 21:25:17) [GET]


Processing ApplicationController#index (for 127.0.0.1 at 2013-01-16 21:25:17) [GET]


Processing ApplicationController#index (for 127.0.0.1 at 2013-01-16 21:25:17) [GET]

ActionController::RoutingError (No route matches "/authentication/index/images/earth.jpg" with {:method=>:get}):
  


ActionController::RoutingError (No route matches "/authentication/index/images/astronaut.jpg" with {:method=>:get}):
  

Rendering rescues/layout (not_found)

ActionController::RoutingError (No route matches "/authentication/index/images/space-shuttle.jpg" with {:method=>:get}):
  


ActionController::RoutingError (No route matches "/authentication/index/images/spacecraft-small.jpg" with {:method=>:get}):
  

Rendering rescues/layout (not_found)
Rendering rescues/layout (not_found)
Rendering rescues/layout (not_found)


Processing ApplicationController#index (for 127.0.0.1 at 2013-01-16 21:25:17) [GET]

ActionController::RoutingError (No route matches "/authentication/index/images/logo.png" with {:method=>:get}):
  

Rendering rescues/layout (not_found)


Processing AuthenticationController#index to html (for 127.0.0.1 at 2013-01-16 21:25:19) [GET]
  Parameters: {"id"=>"index"}
Rendering authentication/index
Completed in 2ms (View: 1, DB: 0) | 200 OK [http://0.0.0.0/authentication/index/index.html]


Processing ApplicationController#index (for 127.0.0.1 at 2013-01-16 21:25:19) [GET]

ActionController::RoutingError (No route matches "/authentication/index/images/logo.png" with {:method=>:get}):
  

Rendering rescues/layout (not_found)


Processing ApplicationController#index (for 127.0.0.1 at 2013-01-16 21:25:19) [GET]


Processing ApplicationController#index (for 127.0.0.1 at 2013-01-16 21:25:19) [GET]


Processing ApplicationController#index (for 127.0.0.1 at 2013-01-16 21:25:19) [GET]


Processing ApplicationController#index (for 127.0.0.1 at 2013-01-16 21:25:19) [GET]

ActionController::RoutingError (No route matches "/authentication/index/images/earth.jpg" with {:method=>:get}):
  


ActionController::RoutingError (No route matches "/authentication/index/images/space-shuttle.jpg" with {:method=>:get}):
  

Rendering rescues/layout (not_found)

ActionController::RoutingError (No route matches "/authentication/index/images/astronaut.jpg" with {:method=>:get}):
  


ActionController::RoutingError (No route matches "/authentication/index/images/spacecraft-small.jpg" with {:method=>:get}):
  

Rendering rescues/layout (not_found)
Rendering rescues/layout (not_found)
Rendering rescues/layout (not_found)


Processing AuthenticationController#index to html (for 127.0.0.1 at 2013-01-16 21:25:22) [GET]
  Parameters: {"id"=>"index"}
Rendering authentication/index
Completed in 11ms (View: 8, DB: 0) | 200 OK [http://0.0.0.0/authentication/index/index.html]


Processing ApplicationController#index (for 127.0.0.1 at 2013-01-16 21:25:22) [GET]


Processing ApplicationController#index (for 127.0.0.1 at 2013-01-16 21:25:22) [GET]


Processing ApplicationController#index (for 127.0.0.1 at 2013-01-16 21:25:22) [GET]


Processing ApplicationController#index (for 127.0.0.1 at 2013-01-16 21:25:22) [GET]


Processing ApplicationController#index (for 127.0.0.1 at 2013-01-16 21:25:22) [GET]

ActionController::RoutingError (No route matches "/authentication/index/images/logo.png" with {:method=>:get}):
  


ActionController::RoutingError (No route matches "/authentication/index/images/space-shuttle.jpg" with {:method=>:get}):
  

Rendering rescues/layout (not_found)

ActionController::RoutingError (No route matches "/authentication/index/images/earth.jpg" with {:method=>:get}):
  


ActionController::RoutingError (No route matches "/authentication/index/images/spacecraft-small.jpg" with {:method=>:get}):
  

Rendering rescues/layout (not_found)
Rendering rescues/layout (not_found)

ActionController::RoutingError (No route matches "/authentication/index/images/astronaut.jpg" with {:method=>:get}):
  

Rendering rescues/layout (not_found)
Rendering rescues/layout (not_found)


Processing AuthenticationController#index to html (for 127.0.0.1 at 2013-01-16 21:25:25) [GET]
  Parameters: {"id"=>"index"}
Rendering authentication/index
Completed in 3ms (View: 1, DB: 0) | 200 OK [http://0.0.0.0/authentication/index/index.html]


Processing ApplicationController#index (for 127.0.0.1 at 2013-01-16 21:25:25) [GET]


Processing ApplicationController#index (for 127.0.0.1 at 2013-01-16 21:25:25) [GET]


Processing ApplicationController#index (for 127.0.0.1 at 2013-01-16 21:25:25) [GET]


Processing ApplicationController#index (for 127.0.0.1 at 2013-01-16 21:25:25) [GET]


Processing ApplicationController#index (for 127.0.0.1 at 2013-01-16 21:25:25) [GET]

ActionController::RoutingError (No route matches "/authentication/index/images/space-shuttle.jpg" with {:method=>:get}):
  


ActionController::RoutingError (No route matches "/authentication/index/images/spacecraft-small.jpg" with {:method=>:get}):
  


ActionController::RoutingError (No route matches "/authentication/index/images/earth.jpg" with {:method=>:get}):
  

Rendering rescues/layout (not_found)

ActionController::RoutingError (No route matches "/authentication/index/images/logo.png" with {:method=>:get}):
  

Rendering rescues/layout (not_found)

ActionController::RoutingError (No route matches "/authentication/index/images/astronaut.jpg" with {:method=>:get}):
  

Rendering rescues/layout (not_found)
Rendering rescues/layout (not_found)
Rendering rescues/layout (not_found)


Processing AuthenticationController#index (for 127.0.0.1 at 2013-01-16 21:25:56) [GET]
Rendering authentication/index
Completed in 3ms (View: 1, DB: 0) | 200 OK [http://0.0.0.0/]


Processing AuthenticationController#index (for 127.0.0.1 at 2013-01-16 21:29:38) [GET]
Rendering authentication/index
Completed in 75ms (View: 72, DB: 0) | 200 OK [http://0.0.0.0/]


Processing AuthenticationController#index (for 127.0.0.1 at 2013-01-16 21:31:21) [GET]
Rendering authentication/index
Completed in 10ms (View: 8, DB: 0) | 200 OK [http://0.0.0.0/]


Processing AuthenticationController#index (for 127.0.0.1 at 2013-01-16 21:32:40) [GET]
Rendering authentication/index
Completed in 9ms (View: 7, DB: 0) | 200 OK [http://0.0.0.0/]


Processing AuthenticationController#index (for 127.0.0.1 at 2013-01-16 21:36:33) [GET]
Rendering authentication/index
Completed in 8ms (View: 7, DB: 0) | 200 OK [http://0.0.0.0/]


Processing AuthenticationController#index (for 127.0.0.1 at 2013-01-16 21:39:26) [GET]
Rendering authentication/index
Completed in 8ms (View: 7, DB: 0) | 200 OK [http://0.0.0.0/]


Processing ApplicationController#index (for 127.0.0.1 at 2013-01-16 21:40:19) [GET]

ActionController::RoutingError (No route matches "/blog.html" with {:method=>:get}):
  

Rendering rescues/layout (not_found)


Processing ApplicationController#index (for 127.0.0.1 at 2013-01-16 21:40:27) [GET]

ActionController::RoutingError (No route matches "/blog.html" with {:method=>:get}):
  

Rendering rescues/layout (not_found)


Processing AuthenticationController#index (for 127.0.0.1 at 2013-01-16 21:41:50) [GET]
Rendering authentication/index
Completed in 9ms (View: 7, DB: 0) | 200 OK [http://0.0.0.0/]


Processing AuthenticationController#index (for 127.0.0.1 at 2013-01-16 21:41:52) [GET]
Rendering authentication/index
Completed in 3ms (View: 1, DB: 0) | 200 OK [http://0.0.0.0/]


Processing AuthenticationController#index to html (for 127.0.0.1 at 2013-01-16 21:41:54) [GET]
  Parameters: {"id"=>"blog"}
Rendering authentication/index
Completed in 4ms (View: 1, DB: 0) | 200 OK [http://0.0.0.0/authentication/index/blog.html]


Processing ApplicationController#index (for 127.0.0.1 at 2013-01-16 21:41:54) [GET]

ActionController::RoutingError (No route matches "/authentication/index/images/logo.png" with {:method=>:get}):
  

Rendering rescues/layout (not_found)


Processing ApplicationController#index (for 127.0.0.1 at 2013-01-16 21:41:54) [GET]

ActionController::RoutingError (No route matches "/authentication/index/images/astronaut.jpg" with {:method=>:get}):
  

Rendering rescues/layout (not_found)


Processing ApplicationController#index (for 127.0.0.1 at 2013-01-16 21:41:54) [GET]

ActionController::RoutingError (No route matches "/authentication/index/images/earth.jpg" with {:method=>:get}):
  

Rendering rescues/layout (not_found)


Processing ApplicationController#index (for 127.0.0.1 at 2013-01-16 21:41:54) [GET]

ActionController::RoutingError (No route matches "/authentication/index/images/space-shuttle.jpg" with {:method=>:get}):
  

Rendering rescues/layout (not_found)


Processing ApplicationController#index (for 127.0.0.1 at 2013-01-16 21:41:54) [GET]

ActionController::RoutingError (No route matches "/authentication/index/images/spacecraft-small.jpg" with {:method=>:get}):
  

Rendering rescues/layout (not_found)


Processing AuthenticationController#index to html (for 127.0.0.1 at 2013-01-16 21:42:30) [GET]
  Parameters: {"id"=>"index"}
Rendering authentication/index
Completed in 11ms (View: 10, DB: 0) | 200 OK [http://0.0.0.0/authentication/index/index.html]


Processing ApplicationController#index (for 127.0.0.1 at 2013-01-16 21:42:30) [GET]

ActionController::RoutingError (No route matches "/authentication/index/images/logo.png" with {:method=>:get}):
  

Rendering rescues/layout (not_found)


Processing ApplicationController#index (for 127.0.0.1 at 2013-01-16 21:42:30) [GET]

ActionController::RoutingError (No route matches "/authentication/index/images/earth.jpg" with {:method=>:get}):
  

Rendering rescues/layout (not_found)


Processing ApplicationController#index (for 127.0.0.1 at 2013-01-16 21:42:30) [GET]

ActionController::RoutingError (No route matches "/authentication/index/images/spacecraft-small.jpg" with {:method=>:get}):
  

Rendering rescues/layout (not_found)


Processing ApplicationController#index (for 127.0.0.1 at 2013-01-16 21:42:30) [GET]

ActionController::RoutingError (No route matches "/authentication/index/images/space-shuttle.jpg" with {:method=>:get}):
  

Rendering rescues/layout (not_found)


Processing ApplicationController#index (for 127.0.0.1 at 2013-01-16 21:42:30) [GET]

ActionController::RoutingError (No route matches "/authentication/index/images/astronaut.jpg" with {:method=>:get}):
  

Rendering rescues/layout (not_found)


Processing AuthenticationController#index to html (for 127.0.0.1 at 2013-01-16 21:42:32) [GET]
  Parameters: {"id"=>"index"}
Rendering authentication/index
Completed in 2ms (View: 1, DB: 0) | 200 OK [http://0.0.0.0/authentication/index/index.html]


Processing ApplicationController#index (for 127.0.0.1 at 2013-01-16 21:42:32) [GET]


Processing ApplicationController#index (for 127.0.0.1 at 2013-01-16 21:42:32) [GET]


Processing ApplicationController#index (for 127.0.0.1 at 2013-01-16 21:42:32) [GET]

ActionController::RoutingError (No route matches "/authentication/index/images/spacecraft-small.jpg" with {:method=>:get}):
  

Rendering rescues/layout (not_found)

ActionController::RoutingError (No route matches "/authentication/index/images/earth.jpg" with {:method=>:get}):
  


ActionController::RoutingError (No route matches "/authentication/index/images/astronaut.jpg" with {:method=>:get}):
  

Rendering rescues/layout (not_found)
Rendering rescues/layout (not_found)


Processing ApplicationController#index (for 127.0.0.1 at 2013-01-16 21:42:32) [GET]

ActionController::RoutingError (No route matches "/authentication/index/images/logo.png" with {:method=>:get}):
  

Rendering rescues/layout (not_found)


Processing ApplicationController#index (for 127.0.0.1 at 2013-01-16 21:42:32) [GET]

ActionController::RoutingError (No route matches "/authentication/index/images/space-shuttle.jpg" with {:method=>:get}):
  

Rendering rescues/layout (not_found)


Processing AuthenticationController#index (for 127.0.0.1 at 2013-01-16 21:42:38) [GET]
Rendering authentication/index
Completed in 12ms (View: 11, DB: 0) | 200 OK [http://0.0.0.0/]


Processing ApplicationController#index (for 127.0.0.1 at 2013-01-16 21:42:49) [POST]

ActionController::RoutingError (No route matches "/index.html" with {:method=>:post}):
  

Rendering rescues/layout (not_found)


Processing AuthenticationController#index (for 127.0.0.1 at 2013-01-16 21:43:48) [GET]
Rendering authentication/index
Completed in 9ms (View: 7, DB: 0) | 200 OK [http://0.0.0.0/]


Processing ApplicationController#index (for 127.0.0.1 at 2013-01-16 21:43:50) [POST]

ActionController::RoutingError (No route matches "/index.html" with {:method=>:post}):
  

Rendering rescues/layout (not_found)


Processing AuthenticationController#index (for 127.0.0.1 at 2013-01-16 21:44:41) [GET]
Rendering authentication/index
Completed in 87ms (View: 85, DB: 0) | 200 OK [http://0.0.0.0/]


Processing ApplicationController#index (for 127.0.0.1 at 2013-01-16 21:44:47) [POST]

ActionController::RoutingError (No route matches "/index.html" with {:method=>:post}):
  

Rendering rescues/layout (not_found)


Processing AuthenticationController#index (for 127.0.0.1 at 2013-01-16 21:44:52) [GET]
Rendering authentication/index
Completed in 4ms (View: 1, DB: 0) | 200 OK [http://0.0.0.0/authentication/index]


Processing AuthenticationController#images to jpg (for 127.0.0.1 at 2013-01-16 21:44:52) [GET]
  Parameters: {"id"=>"astronaut"}

ActionController::UnknownAction (No action responded to images. Actions: index):
  

Rendering rescues/layout (not_found)


Processing AuthenticationController#images to png (for 127.0.0.1 at 2013-01-16 21:44:52) [GET]
  Parameters: {"id"=>"logo"}

ActionController::UnknownAction (No action responded to images. Actions: index):
  

Rendering rescues/layout (not_found)


Processing AuthenticationController#images to jpg (for 127.0.0.1 at 2013-01-16 21:44:52) [GET]
  Parameters: {"id"=>"spacecraft-small"}

ActionController::UnknownAction (No action responded to images. Actions: index):
  

Rendering rescues/layout (not_found)


Processing AuthenticationController#images to jpg (for 127.0.0.1 at 2013-01-16 21:44:52) [GET]
  Parameters: {"id"=>"space-shuttle"}


Processing AuthenticationController#images to jpg (for 127.0.0.1 at 2013-01-16 21:44:52) [GET]
  Parameters: {"id"=>"earth"}

ActionController::UnknownAction (No action responded to images. Actions: index):
  

Rendering rescues/layout (not_found)

ActionController::UnknownAction (No action responded to images. Actions: index):
  

Rendering rescues/layout (not_found)


Processing AuthenticationController#index (for 127.0.0.1 at 2013-01-16 21:45:23) [GET]
Rendering authentication/index
Completed in 9ms (View: 7, DB: 0) | 200 OK [http://0.0.0.0/]


Processing AuthenticationController#index (for 127.0.0.1 at 2013-01-16 21:45:26) [GET]
Rendering authentication/index
Completed in 3ms (View: 1, DB: 0) | 200 OK [http://0.0.0.0/authentication/]


Processing AuthenticationController#images to jpg (for 127.0.0.1 at 2013-01-16 21:45:27) [GET]
  Parameters: {"id"=>"astronaut"}


Processing AuthenticationController#images to png (for 127.0.0.1 at 2013-01-16 21:45:27) [GET]


Processing AuthenticationController#images to jpg (for 127.0.0.1 at 2013-01-16 21:45:27) [GET]
  Parameters: {"id"=>"earth"}
  Parameters: {"id"=>"logo"}

ActionController::UnknownAction (No action responded to images. Actions: index):
  



Processing AuthenticationController#images to jpg (for 127.0.0.1 at 2013-01-16 21:45:27) [GET]
  Parameters: {"id"=>"spacecraft-small"}
Rendering rescues/layout (not_found)


Processing AuthenticationController#images to jpg (for 127.0.0.1 at 2013-01-16 21:45:27) [GET]
  Parameters: {"id"=>"space-shuttle"}

ActionController::UnknownAction (No action responded to images. Actions: index):
  


ActionController::UnknownAction (No action responded to images. Actions: index):
  

Rendering rescues/layout (not_found)
Rendering rescues/layout (not_found)

ActionController::UnknownAction (No action responded to images. Actions: index):
  

Rendering rescues/layout (not_found)

ActionController::UnknownAction (No action responded to images. Actions: index):
  

Rendering rescues/layout (not_found)


Processing AuthenticationController#index (for 127.0.0.1 at 2013-01-16 21:45:45) [GET]
Rendering authentication/index
Completed in 9ms (View: 8, DB: 0) | 200 OK [http://0.0.0.0/authentication/]


Processing AuthenticationController#images to jpg (for 127.0.0.1 at 2013-01-16 21:45:45) [GET]


Processing AuthenticationController#images to png (for 127.0.0.1 at 2013-01-16 21:45:45) [GET]
  Parameters: {"id"=>"logo"}


Processing AuthenticationController#images to jpg (for 127.0.0.1 at 2013-01-16 21:45:45) [GET]


Processing AuthenticationController#images to jpg (for 127.0.0.1 at 2013-01-16 21:45:45) [GET]
  Parameters: {"id"=>"astronaut"}


Processing AuthenticationController#images to jpg (for 127.0.0.1 at 2013-01-16 21:45:45) [GET]
  Parameters: {"id"=>"spacecraft-small"}
  Parameters: {"id"=>"space-shuttle"}
  Parameters: {"id"=>"earth"}

ActionController::UnknownAction (No action responded to images. Actions: index):
  


ActionController::UnknownAction (No action responded to images. Actions: index):
  

Rendering rescues/layout (not_found)

ActionController::UnknownAction (No action responded to images. Actions: index):
  

Rendering rescues/layout (not_found)
Rendering rescues/layout (not_found)

ActionController::UnknownAction (No action responded to images. Actions: index):
  

Rendering rescues/layout (not_found)

ActionController::UnknownAction (No action responded to images. Actions: index):
  

Rendering rescues/layout (not_found)


Processing AuthenticationController#index (for 127.0.0.1 at 2013-01-16 21:45:52) [GET]
Rendering authentication/index
Completed in 9ms (View: 7, DB: 0) | 200 OK [http://0.0.0.0/]


Processing AuthenticationController#index (for 127.0.0.1 at 2013-01-16 21:45:55) [GET]
Rendering authentication/index
Completed in 2ms (View: 1, DB: 0) | 200 OK [http://0.0.0.0/authentication]


Processing AuthenticationController#index to html (for 127.0.0.1 at 2013-01-16 21:46:21) [GET]
  Parameters: {"id"=>"index"}
Rendering authentication/index
Completed in 4ms (View: 2, DB: 0) | 200 OK [http://0.0.0.0/authentication/index/index.html]


Processing ApplicationController#index (for 127.0.0.1 at 2013-01-16 21:46:21) [GET]

ActionController::RoutingError (No route matches "/authentication/index/images/spacecraft-small.jpg" with {:method=>:get}):
  



Processing ApplicationController#index (for 127.0.0.1 at 2013-01-16 21:46:21) [GET]

ActionController::RoutingError (No route matches "/authentication/index/images/astronaut.jpg" with {:method=>:get}):
  

Rendering rescues/layout (not_found)


Processing ApplicationController#index (for 127.0.0.1 at 2013-01-16 21:46:21) [GET]


Processing ApplicationController#index (for 127.0.0.1 at 2013-01-16 21:46:21) [GET]

ActionController::RoutingError (No route matches "/authentication/index/images/earth.jpg" with {:method=>:get}):
  

Rendering rescues/layout (not_found)
Rendering rescues/layout (not_found)


Processing ApplicationController#index (for 127.0.0.1 at 2013-01-16 21:46:21) [GET]

ActionController::RoutingError (No route matches "/authentication/index/images/logo.png" with {:method=>:get}):
  

Rendering rescues/layout (not_found)

ActionController::RoutingError (No route matches "/authentication/index/images/space-shuttle.jpg" with {:method=>:get}):
  

Rendering rescues/layout (not_found)


Processing AuthenticationController#index (for 127.0.0.1 at 2013-01-16 21:46:36) [GET]
Rendering authentication/index
Completed in 2ms (View: 1, DB: 0) | 200 OK [http://0.0.0.0/]


Processing AuthenticationController#index (for 127.0.0.1 at 2013-01-16 21:50:47) [GET]
Rendering authentication/index
Completed in 3ms (View: 2, DB: 0) | 200 OK [http://0.0.0.0/]


Processing AuthenticationController#index (for 127.0.0.1 at 2013-01-16 21:50:48) [GET]
Rendering authentication/index
Completed in 3ms (View: 1, DB: 0) | 200 OK [http://0.0.0.0/]


Processing AuthenticationController#index to html (for 127.0.0.1 at 2013-01-16 21:50:50) [GET]
  Parameters: {"id"=>"index"}
Rendering authentication/index
Completed in 3ms (View: 1, DB: 0) | 200 OK [http://0.0.0.0/authentication/index/index.html]


Processing ApplicationController#index (for 127.0.0.1 at 2013-01-16 21:50:50) [GET]


Processing ApplicationController#index (for 127.0.0.1 at 2013-01-16 21:50:50) [GET]

ActionController::RoutingError (No route matches "/authentication/index/images/astronaut.jpg" with {:method=>:get}):
  

Rendering rescues/layout (not_found)

ActionController::RoutingError (No route matches "/authentication/index/images/earth.jpg" with {:method=>:get}):
  

Rendering rescues/layout (not_found)


Processing ApplicationController#index (for 127.0.0.1 at 2013-01-16 21:50:50) [GET]

ActionController::RoutingError (No route matches "/authentication/index/images/logo.png" with {:method=>:get}):
  

Rendering rescues/layout (not_found)


Processing ApplicationController#index (for 127.0.0.1 at 2013-01-16 21:50:50) [GET]

ActionController::RoutingError (No route matches "/authentication/index/images/spacecraft-small.jpg" with {:method=>:get}):
  

Rendering rescues/layout (not_found)


Processing ApplicationController#index (for 127.0.0.1 at 2013-01-16 21:50:50) [GET]

ActionController::RoutingError (No route matches "/authentication/index/images/space-shuttle.jpg" with {:method=>:get}):
  

Rendering rescues/layout (not_found)


Processing AuthenticationController#index to html (for 127.0.0.1 at 2013-01-16 21:50:52) [GET]
  Parameters: {"id"=>"about"}
Rendering authentication/index
Completed in 8ms (View: 7, DB: 0) | 200 OK [http://0.0.0.0/authentication/index/about.html]


Processing ApplicationController#index (for 127.0.0.1 at 2013-01-16 21:50:52) [GET]

ActionController::RoutingError (No route matches "/authentication/index/images/logo.png" with {:method=>:get}):
  

Rendering rescues/layout (not_found)


Processing ApplicationController#index (for 127.0.0.1 at 2013-01-16 21:50:52) [GET]


Processing ApplicationController#index (for 127.0.0.1 at 2013-01-16 21:50:52) [GET]


Processing ApplicationController#index (for 127.0.0.1 at 2013-01-16 21:50:52) [GET]


Processing ApplicationController#index (for 127.0.0.1 at 2013-01-16 21:50:52) [GET]

ActionController::RoutingError (No route matches "/authentication/index/images/spacecraft-small.jpg" with {:method=>:get}):
  


ActionController::RoutingError (No route matches "/authentication/index/images/space-shuttle.jpg" with {:method=>:get}):
  

Rendering rescues/layout (not_found)
Rendering rescues/layout (not_found)

ActionController::RoutingError (No route matches "/authentication/index/images/astronaut.jpg" with {:method=>:get}):
  

Rendering rescues/layout (not_found)

ActionController::RoutingError (No route matches "/authentication/index/images/earth.jpg" with {:method=>:get}):
  

Rendering rescues/layout (not_found)


Processing AuthenticationController#index to html (for 127.0.0.1 at 2013-01-16 21:50:54) [GET]
  Parameters: {"id"=>"blog"}
Rendering authentication/index
Completed in 3ms (View: 1, DB: 0) | 200 OK [http://0.0.0.0/authentication/index/blog.html]


Processing ApplicationController#index (for 127.0.0.1 at 2013-01-16 21:50:54) [GET]

ActionController::RoutingError (No route matches "/authentication/index/images/spacecraft-small.jpg" with {:method=>:get}):
  

Rendering rescues/layout (not_found)


Processing ApplicationController#index (for 127.0.0.1 at 2013-01-16 21:50:54) [GET]


Processing ApplicationController#index (for 127.0.0.1 at 2013-01-16 21:50:54) [GET]

ActionController::RoutingError (No route matches "/authentication/index/images/astronaut.jpg" with {:method=>:get}):
  

Rendering rescues/layout (not_found)

ActionController::RoutingError (No route matches "/authentication/index/images/earth.jpg" with {:method=>:get}):
  

Rendering rescues/layout (not_found)


Processing ApplicationController#index (for 127.0.0.1 at 2013-01-16 21:50:54) [GET]

ActionController::RoutingError (No route matches "/authentication/index/images/space-shuttle.jpg" with {:method=>:get}):
  

Rendering rescues/layout (not_found)


Processing ApplicationController#index (for 127.0.0.1 at 2013-01-16 21:50:54) [GET]

ActionController::RoutingError (No route matches "/authentication/index/images/logo.png" with {:method=>:get}):
  

Rendering rescues/layout (not_found)


Processing AuthenticationController#index to html (for 127.0.0.1 at 2013-01-16 21:50:56) [GET]
  Parameters: {"id"=>"gallery"}
Rendering authentication/index
Completed in 3ms (View: 1, DB: 0) | 200 OK [http://0.0.0.0/authentication/index/gallery.html]


Processing ApplicationController#index (for 127.0.0.1 at 2013-01-16 21:50:56) [GET]

ActionController::RoutingError (No route matches "/authentication/index/images/astronaut.jpg" with {:method=>:get}):
  

Rendering rescues/layout (not_found)


Processing ApplicationController#index (for 127.0.0.1 at 2013-01-16 21:50:56) [GET]


Processing ApplicationController#index (for 127.0.0.1 at 2013-01-16 21:50:56) [GET]


Processing ApplicationController#index (for 127.0.0.1 at 2013-01-16 21:50:56) [GET]

ActionController::RoutingError (No route matches "/authentication/index/images/space-shuttle.jpg" with {:method=>:get}):
  


ActionController::RoutingError (No route matches "/authentication/index/images/earth.jpg" with {:method=>:get}):
  

Rendering rescues/layout (not_found)

ActionController::RoutingError (No route matches "/authentication/index/images/spacecraft-small.jpg" with {:method=>:get}):
  

Rendering rescues/layout (not_found)
Rendering rescues/layout (not_found)


Processing ApplicationController#index (for 127.0.0.1 at 2013-01-16 21:50:56) [GET]

ActionController::RoutingError (No route matches "/authentication/index/images/logo.png" with {:method=>:get}):
  

Rendering rescues/layout (not_found)


Processing AuthenticationController#index to html (for 127.0.0.1 at 2013-01-16 21:50:58) [GET]
  Parameters: {"id"=>"contact"}
Rendering authentication/index
Completed in 4ms (View: 1, DB: 0) | 200 OK [http://0.0.0.0/authentication/index/contact.html]


Processing ApplicationController#index (for 127.0.0.1 at 2013-01-16 21:50:58) [GET]

ActionController::RoutingError (No route matches "/authentication/index/images/astronaut.jpg" with {:method=>:get}):
  

Rendering rescues/layout (not_found)


Processing ApplicationController#index (for 127.0.0.1 at 2013-01-16 21:50:58) [GET]


Processing ApplicationController#index (for 127.0.0.1 at 2013-01-16 21:50:58) [GET]

ActionController::RoutingError (No route matches "/authentication/index/images/space-shuttle.jpg" with {:method=>:get}):
  

Rendering rescues/layout (not_found)

ActionController::RoutingError (No route matches "/authentication/index/images/earth.jpg" with {:method=>:get}):
  

Rendering rescues/layout (not_found)


Processing ApplicationController#index (for 127.0.0.1 at 2013-01-16 21:50:58) [GET]


Processing ApplicationController#index (for 127.0.0.1 at 2013-01-16 21:50:58) [GET]

ActionController::RoutingError (No route matches "/authentication/index/images/spacecraft-small.jpg" with {:method=>:get}):
  

Rendering rescues/layout (not_found)

ActionController::RoutingError (No route matches "/authentication/index/images/logo.png" with {:method=>:get}):
  

Rendering rescues/layout (not_found)


Processing AuthenticationController#index to html (for 127.0.0.1 at 2013-01-16 21:51:04) [GET]
  Parameters: {"id"=>"index"}
Rendering authentication/index
Completed in 4ms (View: 1, DB: 0) | 200 OK [http://0.0.0.0/authentication/index/index.html]


Processing ApplicationController#index (for 127.0.0.1 at 2013-01-16 21:51:04) [GET]

ActionController::RoutingError (No route matches "/authentication/index/images/astronaut.jpg" with {:method=>:get}):
  

Rendering rescues/layout (not_found)


Processing ApplicationController#index (for 127.0.0.1 at 2013-01-16 21:51:04) [GET]


Processing ApplicationController#index (for 127.0.0.1 at 2013-01-16 21:51:04) [GET]


Processing ApplicationController#index (for 127.0.0.1 at 2013-01-16 21:51:04) [GET]

ActionController::RoutingError (No route matches "/authentication/index/images/spacecraft-small.jpg" with {:method=>:get}):
  

Rendering rescues/layout (not_found)

ActionController::RoutingError (No route matches "/authentication/index/images/space-shuttle.jpg" with {:method=>:get}):
  

Rendering rescues/layout (not_found)

ActionController::RoutingError (No route matches "/authentication/index/images/earth.jpg" with {:method=>:get}):
  

Rendering rescues/layout (not_found)


Processing ApplicationController#index (for 127.0.0.1 at 2013-01-16 21:51:04) [GET]

ActionController::RoutingError (No route matches "/authentication/index/images/logo.png" with {:method=>:get}):
  

Rendering rescues/layout (not_found)


Processing AuthenticationController#index to html (for 127.0.0.1 at 2013-01-16 21:53:35) [GET]
  Parameters: {"id"=>"index"}
Rendering authentication/index
Completed in 5ms (View: 3, DB: 0) | 200 OK [http://0.0.0.0/authentication/index/index.html]


Processing ApplicationController#index (for 127.0.0.1 at 2013-01-16 21:53:35) [GET]


Processing ApplicationController#index (for 127.0.0.1 at 2013-01-16 21:53:35) [GET]

ActionController::RoutingError (No route matches "/authentication/index/images/earth.jpg" with {:method=>:get}):
  

Rendering rescues/layout (not_found)

ActionController::RoutingError (No route matches "/authentication/index/images/logo.png" with {:method=>:get}):
  

Rendering rescues/layout (not_found)


Processing ApplicationController#index (for 127.0.0.1 at 2013-01-16 21:53:36) [GET]


Processing ApplicationController#index (for 127.0.0.1 at 2013-01-16 21:53:36) [GET]

ActionController::RoutingError (No route matches "/authentication/index/images/space-shuttle.jpg" with {:method=>:get}):
  



Processing ApplicationController#index (for 127.0.0.1 at 2013-01-16 21:53:36) [GET]

ActionController::RoutingError (No route matches "/authentication/index/images/astronaut.jpg" with {:method=>:get}):
  


ActionController::RoutingError (No route matches "/authentication/index/images/spacecraft-small.jpg" with {:method=>:get}):
  

Rendering rescues/layout (not_found)
Rendering rescues/layout (not_found)
Rendering rescues/layout (not_found)


Processing AuthenticationController#index to html (for 127.0.0.1 at 2013-01-16 21:53:37) [GET]
  Parameters: {"id"=>"index"}
Rendering authentication/index
Completed in 12ms (View: 10, DB: 0) | 200 OK [http://0.0.0.0/authentication/index/index.html]


Processing ApplicationController#index (for 127.0.0.1 at 2013-01-16 21:53:37) [GET]


Processing ApplicationController#index (for 127.0.0.1 at 2013-01-16 21:53:37) [GET]

ActionController::RoutingError (No route matches "/authentication/index/images/astronaut.jpg" with {:method=>:get}):
  


ActionController::RoutingError (No route matches "/authentication/index/images/logo.png" with {:method=>:get}):
  

Rendering rescues/layout (not_found)
Rendering rescues/layout (not_found)


Processing ApplicationController#index (for 127.0.0.1 at 2013-01-16 21:53:37) [GET]


Processing ApplicationController#index (for 127.0.0.1 at 2013-01-16 21:53:37) [GET]


Processing ApplicationController#index (for 127.0.0.1 at 2013-01-16 21:53:37) [GET]

ActionController::RoutingError (No route matches "/authentication/index/images/earth.jpg" with {:method=>:get}):
  


ActionController::RoutingError (No route matches "/authentication/index/images/spacecraft-small.jpg" with {:method=>:get}):
  


ActionController::RoutingError (No route matches "/authentication/index/images/space-shuttle.jpg" with {:method=>:get}):
  

Rendering rescues/layout (not_found)
Rendering rescues/layout (not_found)
Rendering rescues/layout (not_found)


Processing AuthenticationController#index to html (for 127.0.0.1 at 2013-01-16 21:53:39) [GET]
  Parameters: {"id"=>"index"}
Rendering authentication/index
Completed in 2ms (View: 1, DB: 0) | 200 OK [http://0.0.0.0/authentication/index/index.html]


Processing ApplicationController#index (for 127.0.0.1 at 2013-01-16 21:53:39) [GET]


Processing ApplicationController#index (for 127.0.0.1 at 2013-01-16 21:53:39) [GET]

ActionController::RoutingError (No route matches "/authentication/index/images/astronaut.jpg" with {:method=>:get}):
  

Rendering rescues/layout (not_found)


Processing ApplicationController#index (for 127.0.0.1 at 2013-01-16 21:53:39) [GET]

ActionController::RoutingError (No route matches "/authentication/index/images/spacecraft-small.jpg" with {:method=>:get}):
  

Rendering rescues/layout (not_found)

ActionController::RoutingError (No route matches "/authentication/index/images/earth.jpg" with {:method=>:get}):
  

Rendering rescues/layout (not_found)


Processing ApplicationController#index (for 127.0.0.1 at 2013-01-16 21:53:39) [GET]


Processing ApplicationController#index (for 127.0.0.1 at 2013-01-16 21:53:39) [GET]

ActionController::RoutingError (No route matches "/authentication/index/images/space-shuttle.jpg" with {:method=>:get}):
  

Rendering rescues/layout (not_found)

ActionController::RoutingError (No route matches "/authentication/index/images/logo.png" with {:method=>:get}):
  

Rendering rescues/layout (not_found)


Processing AuthenticationController#index to html (for 127.0.0.1 at 2013-01-16 21:53:44) [GET]
  Parameters: {"id"=>"index"}
Rendering authentication/index
Completed in 4ms (View: 1, DB: 0) | 200 OK [http://0.0.0.0/authentication/index/index.html]


Processing ApplicationController#index (for 127.0.0.1 at 2013-01-16 21:53:44) [GET]


Processing ApplicationController#index (for 127.0.0.1 at 2013-01-16 21:53:44) [GET]

ActionController::RoutingError (No route matches "/authentication/index/images/logo.png" with {:method=>:get}):
  

Rendering rescues/layout (not_found)


Processing ApplicationController#index (for 127.0.0.1 at 2013-01-16 21:53:44) [GET]


Processing ApplicationController#index (for 127.0.0.1 at 2013-01-16 21:53:44) [GET]

ActionController::RoutingError (No route matches "/authentication/index/images/space-shuttle.jpg" with {:method=>:get}):
  


ActionController::RoutingError (No route matches "/authentication/index/images/astronaut.jpg" with {:method=>:get}):
  

Rendering rescues/layout (not_found)

ActionController::RoutingError (No route matches "/authentication/index/images/spacecraft-small.jpg" with {:method=>:get}):
  

Rendering rescues/layout (not_found)
Rendering rescues/layout (not_found)


Processing ApplicationController#index (for 127.0.0.1 at 2013-01-16 21:53:44) [GET]

ActionController::RoutingError (No route matches "/authentication/index/images/earth.jpg" with {:method=>:get}):
  

Rendering rescues/layout (not_found)


Processing AuthenticationController#index (for 127.0.0.1 at 2013-01-16 21:54:17) [GET]
Rendering authentication/index
Completed in 9ms (View: 7, DB: 0) | 200 OK [http://0.0.0.0/]


Processing ApplicationController#index (for 127.0.0.1 at 2013-01-16 21:54:20) [GET]

ActionController::RoutingError (No route matches "/authentication/index/index.html.erb" with {:method=>:get}):
  

Rendering rescues/layout (not_found)


Processing ApplicationController#index (for 127.0.0.1 at 2013-01-16 21:55:07) [GET]

ActionController::RoutingError (No route matches "/authentication/index/index.html.erb" with {:method=>:get}):
  

Rendering rescues/layout (not_found)


Processing AuthenticationController#index (for 127.0.0.1 at 2013-01-16 21:55:35) [GET]
Rendering authentication/index
Completed in 9ms (View: 8, DB: 0) | 200 OK [http://0.0.0.0/]


Processing ApplicationController#index (for 127.0.0.1 at 2013-01-16 21:55:41) [GET]

ActionController::RoutingError (No route matches "/authentication/index.html.erb" with {:method=>:get}):
  

Rendering rescues/layout (not_found)


Processing ApplicationController#index (for 127.0.0.1 at 2013-01-16 21:55:59) [GET]

ActionController::RoutingError (No route matches "/authentication/index.html.erb" with {:method=>:get}):
  

Rendering rescues/layout (not_found)


Processing AuthenticationController#index (for 127.0.0.1 at 2013-01-16 21:56:05) [GET]
Rendering authentication/index
Completed in 9ms (View: 7, DB: 0) | 200 OK [http://0.0.0.0/]


Processing AuthenticationController#index to html (for 127.0.0.1 at 2013-01-16 21:56:07) [GET]
  Parameters: {"id"=>"index"}
Rendering authentication/index
Completed in 2ms (View: 1, DB: 0) | 200 OK [http://0.0.0.0/authentication/index/index.html]


Processing ApplicationController#index (for 127.0.0.1 at 2013-01-16 21:56:07) [GET]

ActionController::RoutingError (No route matches "/authentication/index/images/logo.png" with {:method=>:get}):
  

Rendering rescues/layout (not_found)


Processing ApplicationController#index (for 127.0.0.1 at 2013-01-16 21:56:07) [GET]

ActionController::RoutingError (No route matches "/authentication/index/images/astronaut.jpg" with {:method=>:get}):
  

Rendering rescues/layout (not_found)


Processing ApplicationController#index (for 127.0.0.1 at 2013-01-16 21:56:07) [GET]

ActionController::RoutingError (No route matches "/authentication/index/images/earth.jpg" with {:method=>:get}):
  

Rendering rescues/layout (not_found)


Processing ApplicationController#index (for 127.0.0.1 at 2013-01-16 21:56:07) [GET]


Processing ApplicationController#index (for 127.0.0.1 at 2013-01-16 21:56:07) [GET]

ActionController::RoutingError (No route matches "/authentication/index/images/space-shuttle.jpg" with {:method=>:get}):
  

Rendering rescues/layout (not_found)

ActionController::RoutingError (No route matches "/authentication/index/images/spacecraft-small.jpg" with {:method=>:get}):
  

Rendering rescues/layout (not_found)


Processing AuthenticationController#index (for 127.0.0.1 at 2013-01-16 21:56:50) [GET]
Rendering authentication/index
Completed in 10ms (View: 9, DB: 0) | 200 OK [http://0.0.0.0/]


Processing AuthenticationController#index (for 127.0.0.1 at 2013-01-16 21:58:28) [GET]
Rendering authentication/index
Completed in 8ms (View: 7, DB: 0) | 200 OK [http://0.0.0.0/]


Processing AuthenticationController#index (for 127.0.0.1 at 2013-01-16 21:59:47) [GET]
Rendering authentication/index
Completed in 8ms (View: 7, DB: 0) | 200 OK [http://0.0.0.0/]


Processing AuthenticationController#index (for 127.0.0.1 at 2013-01-16 21:59:49) [GET]
Rendering authentication/index
Completed in 3ms (View: 1, DB: 0) | 200 OK [http://0.0.0.0/]


Processing ApplicationController#index (for 127.0.0.1 at 2013-01-16 22:00:15) [POST]

ActionController::RoutingError (No route matches "/index.html" with {:method=>:post}):
  

Rendering rescues/layout (not_found)


Processing AuthenticationController#index (for 127.0.0.1 at 2013-01-16 22:03:37) [GET]
Rendering authentication/index
Completed in 8ms (View: 6, DB: 0) | 200 OK [http://0.0.0.0/]


Processing AuthenticationController#index to html (for 127.0.0.1 at 2013-01-16 22:03:40) [POST]
  Parameters: {"id"=>"index"}

ActionController::InvalidAuthenticityToken (ActionController::InvalidAuthenticityToken):
  

Rendered rescues/_trace (99.9ms)
Rendered rescues/_request_and_response (1.3ms)
Rendering rescues/layout (unprocessable_entity)


Processing AuthenticationController#index (for 127.0.0.1 at 2013-01-16 22:04:24) [GET]
Rendering authentication/index
Completed in 3ms (View: 1, DB: 0) | 200 OK [http://0.0.0.0/]


Processing AuthenticationController#index (for 127.0.0.1 at 2013-01-16 22:04:25) [GET]
Rendering authentication/index
Completed in 2ms (View: 1, DB: 0) | 200 OK [http://0.0.0.0/]


Processing AuthenticationController#index to html (for 127.0.0.1 at 2013-01-16 22:04:30) [POST]
  Parameters: {"id"=>"index"}

ActionController::InvalidAuthenticityToken (ActionController::InvalidAuthenticityToken):
  

Rendered rescues/_trace (44.3ms)
Rendered rescues/_request_and_response (0.4ms)
Rendering rescues/layout (unprocessable_entity)


Processing AuthenticationController#index to html (for 127.0.0.1 at 2013-01-16 22:04:42) [GET]
  Parameters: {"id"=>"index"}
Rendering authentication/index
Completed in 3ms (View: 1, DB: 0) | 200 OK [http://0.0.0.0/authentication/index/index.html]


Processing ApplicationController#index (for 127.0.0.1 at 2013-01-16 22:04:42) [GET]

ActionController::RoutingError (No route matches "/authentication/index/images/logo.png" with {:method=>:get}):
  



Processing ApplicationController#index (for 127.0.0.1 at 2013-01-16 22:04:42) [GET]
Rendering rescues/layout (not_found)

ActionController::RoutingError (No route matches "/authentication/index/images/astronaut.jpg" with {:method=>:get}):
  

Rendering rescues/layout (not_found)


Processing ApplicationController#index (for 127.0.0.1 at 2013-01-16 22:04:42) [GET]

ActionController::RoutingError (No route matches "/authentication/index/images/spacecraft-small.jpg" with {:method=>:get}):
  

Rendering rescues/layout (not_found)


Processing ApplicationController#index (for 127.0.0.1 at 2013-01-16 22:04:42) [GET]


Processing ApplicationController#index (for 127.0.0.1 at 2013-01-16 22:04:42) [GET]

ActionController::RoutingError (No route matches "/authentication/index/images/space-shuttle.jpg" with {:method=>:get}):
  

Rendering rescues/layout (not_found)

ActionController::RoutingError (No route matches "/authentication/index/images/earth.jpg" with {:method=>:get}):
  

Rendering rescues/layout (not_found)


Processing AuthenticationController#index (for 127.0.0.1 at 2013-01-16 22:05:25) [GET]
Rendering authentication/index
Completed in 9ms (View: 7, DB: 0) | 200 OK [http://0.0.0.0/]


Processing AuthenticationController#index (for 127.0.0.1 at 2013-01-16 22:05:28) [POST]

ActionController::InvalidAuthenticityToken (ActionController::InvalidAuthenticityToken):
  

Rendered rescues/_trace (45.1ms)
Rendered rescues/_request_and_response (1.2ms)
Rendering rescues/layout (unprocessable_entity)


Processing AuthenticationController#index (for 127.0.0.1 at 2013-01-16 22:14:08) [GET]
Rendering authentication/index
Completed in 10ms (View: 8, DB: 0) | 200 OK [http://0.0.0.0/]


Processing AuthenticationController#index (for 127.0.0.1 at 2013-01-16 22:23:45) [GET]
Rendering authentication/index
Completed in 2ms (View: 1, DB: 0) | 200 OK [http://0.0.0.0/]


Processing AuthenticationController#index (for 127.0.0.1 at 2013-01-16 22:23:48) [GET]
Rendering authentication/index
Completed in 4ms (View: 2, DB: 0) | 200 OK [http://0.0.0.0/]


Processing AuthenticationController#index to html (for 127.0.0.1 at 2013-01-16 22:24:20) [GET]
  Parameters: {"id"=>"index"}
Rendering authentication/index
Completed in 3ms (View: 1, DB: 0) | 200 OK [http://0.0.0.0/authentication/index/index.html]


Processing ApplicationController#index (for 127.0.0.1 at 2013-01-16 22:24:20) [GET]

ActionController::RoutingError (No route matches "/authentication/index/images/logo.png" with {:method=>:get}):
  

Rendering rescues/layout (not_found)


Processing ApplicationController#index (for 127.0.0.1 at 2013-01-16 22:24:20) [GET]

ActionController::RoutingError (No route matches "/authentication/index/images/astronaut.jpg" with {:method=>:get}):
  

Rendering rescues/layout (not_found)


Processing ApplicationController#index (for 127.0.0.1 at 2013-01-16 22:24:20) [GET]

ActionController::RoutingError (No route matches "/authentication/index/images/earth.jpg" with {:method=>:get}):
  

Rendering rescues/layout (not_found)


Processing ApplicationController#index (for 127.0.0.1 at 2013-01-16 22:24:20) [GET]

ActionController::RoutingError (No route matches "/authentication/index/images/spacecraft-small.jpg" with {:method=>:get}):
  

Rendering rescues/layout (not_found)


Processing ApplicationController#index (for 127.0.0.1 at 2013-01-16 22:24:20) [GET]

ActionController::RoutingError (No route matches "/authentication/index/images/space-shuttle.jpg" with {:method=>:get}):
  

Rendering rescues/layout (not_found)


Processing AuthenticationController#index (for 127.0.0.1 at 2013-01-16 22:24:29) [GET]
Rendering authentication/index
Completed in 13ms (View: 11, DB: 0) | 200 OK [http://0.0.0.0/]


Processing AuthenticationController#index (for 127.0.0.1 at 2013-01-16 22:24:43) [GET]
Rendering authentication/index
Completed in 9ms (View: 7, DB: 0) | 200 OK [http://0.0.0.0/]


Processing AuthenticationController#index (for 127.0.0.1 at 2013-01-16 22:25:35) [GET]
Rendering authentication/index
Completed in 10ms (View: 8, DB: 0) | 200 OK [http://0.0.0.0/]


Processing AuthenticationController#index (for 127.0.0.1 at 2013-01-16 22:26:36) [GET]
Rendering authentication/index
Completed in 9ms (View: 8, DB: 0) | 200 OK [http://0.0.0.0/]


Processing AuthenticationController#index (for 127.0.0.1 at 2013-01-16 22:27:41) [GET]
Rendering authentication/index
Completed in 87ms (View: 86, DB: 0) | 200 OK [http://0.0.0.0/]


Processing AuthenticationController#index (for 127.0.0.1 at 2013-01-16 22:28:26) [GET]
Rendering authentication/index
Completed in 8ms (View: 7, DB: 0) | 200 OK [http://0.0.0.0/]


Processing AuthenticationController#index (for 127.0.0.1 at 2013-01-16 22:29:40) [GET]
Rendering authentication/index
Completed in 9ms (View: 8, DB: 0) | 200 OK [http://0.0.0.0/]


Processing AuthenticationController#index (for 127.0.0.1 at 2013-01-16 22:30:49) [GET]
Rendering authentication/index
Completed in 9ms (View: 8, DB: 0) | 200 OK [http://0.0.0.0/]


Processing AuthenticationController#index (for 127.0.0.1 at 2013-01-16 22:31:11) [GET]
  Parameters: {"airtel"=>"Call"}
Rendering authentication/index
Completed in 3ms (View: 1, DB: 0) | 200 OK [http://0.0.0.0/?airtel=Call]


Processing AuthenticationController#index (for 127.0.0.1 at 2013-01-16 22:31:15) [GET]
  Parameters: {"airtel"=>"Call"}
Rendering authentication/index
Completed in 2ms (View: 1, DB: 0) | 200 OK [http://0.0.0.0/?airtel=Call]


Processing AuthenticationController#index (for 127.0.0.1 at 2013-01-16 22:31:18) [GET]
  Parameters: {"tnm"=>"Call"}
Rendering authentication/index
Completed in 4ms (View: 1, DB: 0) | 200 OK [http://0.0.0.0/?tnm=Call]


Processing AuthenticationController#index (for 127.0.0.1 at 2013-01-16 22:31:26) [GET]
  Parameters: {"mtl"=>"Call"}
Rendering authentication/index
Completed in 3ms (View: 1, DB: 0) | 200 OK [http://0.0.0.0/?mtl=Call]


Processing AuthenticationController#index (for 127.0.0.1 at 2013-01-16 22:31:30) [GET]
  Parameters: {"access"=>"Call"}
Rendering authentication/index
Completed in 2ms (View: 1, DB: 0) | 200 OK [http://0.0.0.0/?access=Call]


Processing AuthenticationController#index (for 127.0.0.1 at 2013-01-16 22:31:34) [GET]
  Parameters: {"mtl"=>"Call"}
Rendering authentication/index
Completed in 3ms (View: 1, DB: 0) | 200 OK [http://0.0.0.0/?mtl=Call]


Processing AuthenticationController#index (for 127.0.0.1 at 2013-01-16 22:31:36) [GET]
  Parameters: {"tnm"=>"Call"}
Rendering authentication/index
Completed in 2ms (View: 1, DB: 0) | 200 OK [http://0.0.0.0/?tnm=Call]


Processing AuthenticationController#index (for 127.0.0.1 at 2013-01-16 22:31:38) [GET]
  Parameters: {"airtel"=>"Call"}
Rendering authentication/index
Completed in 2ms (View: 1, DB: 0) | 200 OK [http://0.0.0.0/?airtel=Call]


Processing AuthenticationController#index (for 127.0.0.1 at 2013-01-16 22:34:00) [GET]
  Parameters: {"airtel"=>"Call"}
Rendering authentication/index
Completed in 9ms (View: 7, DB: 0) | 200 OK [http://0.0.0.0/?airtel=Call]


Processing AuthenticationController#index (for 127.0.0.1 at 2013-01-16 22:35:15) [GET]
  Parameters: {"airtel"=>"Call"}
Rendering authentication/index
Completed in 9ms (View: 8, DB: 0) | 200 OK [http://0.0.0.0/?airtel=Call]


Processing AuthenticationController#index (for 127.0.0.1 at 2013-01-16 22:36:45) [GET]
  Parameters: {"airtel"=>"Call"}
Rendering authentication/index
Completed in 10ms (View: 7, DB: 0) | 200 OK [http://0.0.0.0/?airtel=Call]


Processing AuthenticationController#index (for 127.0.0.1 at 2013-01-16 22:36:47) [GET]
  Parameters: {"airtel"=>"Call"}
Rendering authentication/index
Completed in 3ms (View: 1, DB: 0) | 200 OK [http://0.0.0.0/?airtel=Call]


Processing AuthenticationController#index (for 127.0.0.1 at 2013-01-16 22:36:57) [GET]
Rendering authentication/index
Completed in 3ms (View: 1, DB: 0) | 200 OK [http://0.0.0.0/]


Processing AuthenticationController#index (for 127.0.0.1 at 2013-01-16 22:38:04) [GET]
Rendering authentication/index
Completed in 10ms (View: 8, DB: 0) | 200 OK [http://0.0.0.0/]


Processing AuthenticationController#index (for 127.0.0.1 at 2013-01-16 22:38:05) [GET]
Rendering authentication/index
Completed in 4ms (View: 1, DB: 0) | 200 OK [http://0.0.0.0/]


Processing AuthenticationController#index (for 127.0.0.1 at 2013-01-16 22:40:44) [GET]
Rendering authentication/index
Completed in 10ms (View: 8, DB: 0) | 200 OK [http://0.0.0.0/]


Processing AuthenticationController#index (for 127.0.0.1 at 2013-01-16 22:40:46) [GET]
Rendering authentication/index
Completed in 3ms (View: 1, DB: 0) | 200 OK [http://0.0.0.0/]


Processing AuthenticationController#index (for 127.0.0.1 at 2013-01-16 22:41:36) [GET]
Rendering authentication/index
Completed in 10ms (View: 8, DB: 0) | 200 OK [http://0.0.0.0/]


Processing AuthenticationController#index (for 127.0.0.1 at 2013-01-16 22:42:50) [GET]
Rendering authentication/index
Completed in 11ms (View: 8, DB: 0) | 200 OK [http://0.0.0.0/]


Processing AuthenticationController#index (for 127.0.0.1 at 2013-01-16 22:42:52) [GET]
Rendering authentication/index
Completed in 2ms (View: 1, DB: 0) | 200 OK [http://0.0.0.0/]


Processing AuthenticationController#index (for 127.0.0.1 at 2013-01-16 22:43:42) [GET]
Rendering authentication/index
Completed in 10ms (View: 8, DB: 0) | 200 OK [http://0.0.0.0/]


Processing AuthenticationController#index (for 127.0.0.1 at 2013-01-16 22:43:44) [GET]
Rendering authentication/index
Completed in 3ms (View: 1, DB: 0) | 200 OK [http://0.0.0.0/]


Processing AuthenticationController#index (for 127.0.0.1 at 2013-01-16 22:44:14) [GET]
Rendering authentication/index
Completed in 8ms (View: 7, DB: 0) | 200 OK [http://0.0.0.0/]


Processing AuthenticationController#index (for 127.0.0.1 at 2013-01-16 22:46:58) [GET]
Rendering authentication/index
Completed in 9ms (View: 7, DB: 0) | 200 OK [http://0.0.0.0/]


Processing AuthenticationController#index (for 127.0.0.1 at 2013-01-16 22:48:14) [GET]
Rendering authentication/index
Completed in 10ms (View: 8, DB: 0) | 200 OK [http://0.0.0.0/]


Processing AuthenticationController#index (for 127.0.0.1 at 2013-01-16 22:48:57) [GET]
Rendering authentication/index
Completed in 13ms (View: 11, DB: 0) | 200 OK [http://0.0.0.0/]


Processing AuthenticationController#index (for 127.0.0.1 at 2013-01-16 22:49:00) [GET]
Rendering authentication/index
Completed in 2ms (View: 1, DB: 0) | 200 OK [http://0.0.0.0/]


Processing AuthenticationController#index (for 127.0.0.1 at 2013-01-16 22:49:43) [GET]
Rendering authentication/index
Completed in 9ms (View: 8, DB: 0) | 200 OK [http://0.0.0.0/]


Processing AuthenticationController#index to html (for 127.0.0.1 at 2013-01-16 22:50:25) [GET]
  Parameters: {"id"=>"index"}
Rendering authentication/index
Completed in 3ms (View: 1, DB: 0) | 200 OK [http://0.0.0.0/authentication/index/index.html]


Processing ApplicationController#index (for 127.0.0.1 at 2013-01-16 22:50:25) [GET]

ActionController::RoutingError (No route matches "/authentication/index/images/logo.png" with {:method=>:get}):
  

Rendering rescues/layout (not_found)


Processing ApplicationController#index (for 127.0.0.1 at 2013-01-16 22:50:25) [GET]

ActionController::RoutingError (No route matches "/authentication/index/images/astronaut.jpg" with {:method=>:get}):
  

Rendering rescues/layout (not_found)


Processing ApplicationController#index (for 127.0.0.1 at 2013-01-16 22:50:25) [GET]

ActionController::RoutingError (No route matches "/authentication/index/images/earth.jpg" with {:method=>:get}):
  

Rendering rescues/layout (not_found)


Processing ApplicationController#index (for 127.0.0.1 at 2013-01-16 22:50:25) [GET]

ActionController::RoutingError (No route matches "/authentication/index/images/spacecraft-small.jpg" with {:method=>:get}):
  

Rendering rescues/layout (not_found)


Processing ApplicationController#index (for 127.0.0.1 at 2013-01-16 22:50:25) [GET]

ActionController::RoutingError (No route matches "/authentication/index/images/space-shuttle.jpg" with {:method=>:get}):
  

Rendering rescues/layout (not_found)


Processing AuthenticationController#index to html (for 127.0.0.1 at 2013-01-16 22:50:28) [GET]
  Parameters: {"id"=>"about"}
Rendering authentication/index
Completed in 12ms (View: 11, DB: 0) | 200 OK [http://0.0.0.0/authentication/index/about.html]


Processing ApplicationController#index (for 127.0.0.1 at 2013-01-16 22:50:28) [GET]

ActionController::RoutingError (No route matches "/authentication/index/images/astronaut.jpg" with {:method=>:get}):
  



Processing ApplicationController#index (for 127.0.0.1 at 2013-01-16 22:50:28) [GET]
Rendering rescues/layout (not_found)

ActionController::RoutingError (No route matches "/authentication/index/images/logo.png" with {:method=>:get}):
  

Rendering rescues/layout (not_found)


Processing ApplicationController#index (for 127.0.0.1 at 2013-01-16 22:50:28) [GET]


Processing ApplicationController#index (for 127.0.0.1 at 2013-01-16 22:50:28) [GET]

ActionController::RoutingError (No route matches "/authentication/index/images/earth.jpg" with {:method=>:get}):
  


ActionController::RoutingError (No route matches "/authentication/index/images/spacecraft-small.jpg" with {:method=>:get}):
  

Rendering rescues/layout (not_found)
Rendering rescues/layout (not_found)


Processing ApplicationController#index (for 127.0.0.1 at 2013-01-16 22:50:28) [GET]

ActionController::RoutingError (No route matches "/authentication/index/images/space-shuttle.jpg" with {:method=>:get}):
  

Rendering rescues/layout (not_found)


Processing AuthenticationController#index to html (for 127.0.0.1 at 2013-01-16 22:50:31) [GET]
  Parameters: {"id"=>"blog"}
Rendering authentication/index
Completed in 12ms (View: 11, DB: 0) | 200 OK [http://0.0.0.0/authentication/index/blog.html]


Processing ApplicationController#index (for 127.0.0.1 at 2013-01-16 22:50:31) [GET]


Processing ApplicationController#index (for 127.0.0.1 at 2013-01-16 22:50:31) [GET]

ActionController::RoutingError (No route matches "/authentication/index/images/astronaut.jpg" with {:method=>:get}):
  

Rendering rescues/layout (not_found)

ActionController::RoutingError (No route matches "/authentication/index/images/space-shuttle.jpg" with {:method=>:get}):
  

Rendering rescues/layout (not_found)


Processing ApplicationController#index (for 127.0.0.1 at 2013-01-16 22:50:31) [GET]

ActionController::RoutingError (No route matches "/authentication/index/images/logo.png" with {:method=>:get}):
  

Rendering rescues/layout (not_found)


Processing ApplicationController#index (for 127.0.0.1 at 2013-01-16 22:50:31) [GET]

ActionController::RoutingError (No route matches "/authentication/index/images/spacecraft-small.jpg" with {:method=>:get}):
  

Rendering rescues/layout (not_found)


Processing ApplicationController#index (for 127.0.0.1 at 2013-01-16 22:50:31) [GET]

ActionController::RoutingError (No route matches "/authentication/index/images/earth.jpg" with {:method=>:get}):
  

Rendering rescues/layout (not_found)


Processing AuthenticationController#index to html (for 127.0.0.1 at 2013-01-16 22:50:33) [GET]
  Parameters: {"id"=>"gallery"}
Rendering authentication/index
Completed in 3ms (View: 1, DB: 0) | 200 OK [http://0.0.0.0/authentication/index/gallery.html]


Processing ApplicationController#index (for 127.0.0.1 at 2013-01-16 22:50:33) [GET]


Processing ApplicationController#index (for 127.0.0.1 at 2013-01-16 22:50:33) [GET]


Processing ApplicationController#index (for 127.0.0.1 at 2013-01-16 22:50:33) [GET]

ActionController::RoutingError (No route matches "/authentication/index/images/astronaut.jpg" with {:method=>:get}):
  


ActionController::RoutingError (No route matches "/authentication/index/images/spacecraft-small.jpg" with {:method=>:get}):
  

Rendering rescues/layout (not_found)
Rendering rescues/layout (not_found)

ActionController::RoutingError (No route matches "/authentication/index/images/logo.png" with {:method=>:get}):
  



Processing ApplicationController#index (for 127.0.0.1 at 2013-01-16 22:50:33) [GET]
Rendering rescues/layout (not_found)


Processing ApplicationController#index (for 127.0.0.1 at 2013-01-16 22:50:33) [GET]

ActionController::RoutingError (No route matches "/authentication/index/images/earth.jpg" with {:method=>:get}):
  

Rendering rescues/layout (not_found)

ActionController::RoutingError (No route matches "/authentication/index/images/space-shuttle.jpg" with {:method=>:get}):
  

Rendering rescues/layout (not_found)


Processing AuthenticationController#index to html (for 127.0.0.1 at 2013-01-16 22:50:35) [GET]
  Parameters: {"id"=>"contact"}
Rendering authentication/index
Completed in 4ms (View: 2, DB: 0) | 200 OK [http://0.0.0.0/authentication/index/contact.html]


Processing ApplicationController#index (for 127.0.0.1 at 2013-01-16 22:50:35) [GET]


Processing ApplicationController#index (for 127.0.0.1 at 2013-01-16 22:50:35) [GET]

ActionController::RoutingError (No route matches "/authentication/index/images/astronaut.jpg" with {:method=>:get}):
  



Processing ApplicationController#index (for 127.0.0.1 at 2013-01-16 22:50:35) [GET]

ActionController::RoutingError (No route matches "/authentication/index/images/earth.jpg" with {:method=>:get}):
  

Rendering rescues/layout (not_found)


Processing ApplicationController#index (for 127.0.0.1 at 2013-01-16 22:50:35) [GET]

ActionController::RoutingError (No route matches "/authentication/index/images/logo.png" with {:method=>:get}):
  


ActionController::RoutingError (No route matches "/authentication/index/images/space-shuttle.jpg" with {:method=>:get}):
  

Rendering rescues/layout (not_found)
Rendering rescues/layout (not_found)
Rendering rescues/layout (not_found)


Processing ApplicationController#index (for 127.0.0.1 at 2013-01-16 22:50:35) [GET]

ActionController::RoutingError (No route matches "/authentication/index/images/spacecraft-small.jpg" with {:method=>:get}):
  

Rendering rescues/layout (not_found)


Processing AuthenticationController#index to html (for 127.0.0.1 at 2013-01-16 22:50:38) [GET]
  Parameters: {"id"=>"contact"}
Rendering authentication/index
Completed in 12ms (View: 10, DB: 0) | 200 OK [http://0.0.0.0/authentication/index/contact.html]


Processing ApplicationController#index (for 127.0.0.1 at 2013-01-16 22:50:38) [GET]


Processing ApplicationController#index (for 127.0.0.1 at 2013-01-16 22:50:38) [GET]


Processing ApplicationController#index (for 127.0.0.1 at 2013-01-16 22:50:38) [GET]

ActionController::RoutingError (No route matches "/authentication/index/images/logo.png" with {:method=>:get}):
  

Rendering rescues/layout (not_found)


Processing ApplicationController#index (for 127.0.0.1 at 2013-01-16 22:50:38) [GET]

ActionController::RoutingError (No route matches "/authentication/index/images/spacecraft-small.jpg" with {:method=>:get}):
  


ActionController::RoutingError (No route matches "/authentication/index/images/astronaut.jpg" with {:method=>:get}):
  

Rendering rescues/layout (not_found)
Rendering rescues/layout (not_found)


Processing ApplicationController#index (for 127.0.0.1 at 2013-01-16 22:50:38) [GET]

ActionController::RoutingError (No route matches "/authentication/index/images/earth.jpg" with {:method=>:get}):
  

Rendering rescues/layout (not_found)

ActionController::RoutingError (No route matches "/authentication/index/images/space-shuttle.jpg" with {:method=>:get}):
  

Rendering rescues/layout (not_found)


Processing AuthenticationController#index to html (for 127.0.0.1 at 2013-01-16 22:50:44) [GET]
  Parameters: {"id"=>"index"}
Rendering authentication/index
Completed in 2ms (View: 1, DB: 0) | 200 OK [http://0.0.0.0/authentication/index/index.html]


Processing ApplicationController#index (for 127.0.0.1 at 2013-01-16 22:50:44) [GET]

ActionController::RoutingError (No route matches "/authentication/index/images/logo.png" with {:method=>:get}):
  

Rendering rescues/layout (not_found)


Processing ApplicationController#index (for 127.0.0.1 at 2013-01-16 22:50:44) [GET]


Processing ApplicationController#index (for 127.0.0.1 at 2013-01-16 22:50:44) [GET]


Processing ApplicationController#index (for 127.0.0.1 at 2013-01-16 22:50:44) [GET]


Processing ApplicationController#index (for 127.0.0.1 at 2013-01-16 22:50:44) [GET]

ActionController::RoutingError (No route matches "/authentication/index/images/earth.jpg" with {:method=>:get}):
  


ActionController::RoutingError (No route matches "/authentication/index/images/space-shuttle.jpg" with {:method=>:get}):
  

Rendering rescues/layout (not_found)
Rendering rescues/layout (not_found)

ActionController::RoutingError (No route matches "/authentication/index/images/spacecraft-small.jpg" with {:method=>:get}):
  

Rendering rescues/layout (not_found)

ActionController::RoutingError (No route matches "/authentication/index/images/astronaut.jpg" with {:method=>:get}):
  

Rendering rescues/layout (not_found)


Processing AuthenticationController#index (for 127.0.0.1 at 2013-01-16 22:50:52) [GET]
Rendering authentication/index
Completed in 3ms (View: 1, DB: 0) | 200 OK [http://0.0.0.0/]
